34.0 APEX_CODE,FINEST;APEX_PROFILING,INFO;CALLOUT,INFO;DB,INFO;SYSTEM,DEBUG;VALIDATION,INFO;VISUALFORCE,INFO;WORKFLOW,INFO
22:44:22.0 (98506)|EXECUTION_STARTED
22:44:22.0 (132533)|CODE_UNIT_STARTED|[EXTERNAL]|TRIGGERS
22:44:22.0 (170243)|CODE_UNIT_STARTED|[EXTERNAL]|01q61000000kQuX|alagukannan.eventsTrigger on Event trigger event BeforeUpdate for [a0E61000002D75G]
22:44:22.0 (236422)|HEAP_ALLOCATE|[EXTERNAL]|Bytes:8
22:44:22.0 (325651)|HEAP_ALLOCATE|[EXTERNAL]|Bytes:8
22:44:22.0 (762596)|HEAP_ALLOCATE|[72]|Bytes:3
22:44:22.0 (825720)|HEAP_ALLOCATE|[77]|Bytes:152
22:44:22.0 (845628)|HEAP_ALLOCATE|[342]|Bytes:408
22:44:22.0 (867302)|HEAP_ALLOCATE|[355]|Bytes:408
22:44:22.0 (886573)|HEAP_ALLOCATE|[467]|Bytes:48
22:44:22.0 (932478)|HEAP_ALLOCATE|[139]|Bytes:6
22:44:22.0 (962596)|HEAP_ALLOCATE|[EXTERNAL]|Bytes:8
22:44:22.0 (1012068)|VARIABLE_SCOPE_BEGIN|[1]|this|alagukannan.eventsTrigger|true|false
22:44:22.0 (1391768)|VARIABLE_ASSIGNMENT|[1]|this|{}|0x4a88fcaa
22:44:22.0 (1437620)|HEAP_ALLOCATE|[EXTERNAL]|Bytes:8
22:44:22.0 (1449854)|VARIABLE_SCOPE_BEGIN|[1]|this|alagukannan.eventsTrigger|true|false
22:44:22.0 (1471766)|VARIABLE_ASSIGNMENT|[1]|this|{}|0x4a88fcaa
22:44:22.0 (1525515)|STATEMENT_EXECUTE|[1]
22:44:22.0 (1531493)|STATEMENT_EXECUTE|[10]
22:44:22.0 (1538611)|HEAP_ALLOCATE|[10]|Bytes:20
22:44:22.0 (1544140)|HEAP_ALLOCATE|[10]|Bytes:5
22:44:22.0 (1584923)|METHOD_ENTRY|[1]|01p61000007124T|EventsDomainController.EventsDomainController()
22:44:22.0 (1593758)|STATEMENT_EXECUTE|[1]
22:44:22.0 (1602107)|STATEMENT_EXECUTE|[1]
22:44:22.0 (1609766)|METHOD_EXIT|[1]|EventsDomainController
22:44:22.0 (1617291)|HEAP_ALLOCATE|[10]|Bytes:8
22:44:22.0 (1634535)|CONSTRUCTOR_ENTRY|[10]|01p61000007124T|<init>()
22:44:22.0 (1695375)|VARIABLE_SCOPE_BEGIN|[1]|this|alagukannan.EventsDomainController|true|false
22:44:22.0 (1865295)|VARIABLE_ASSIGNMENT|[1]|this|{}|0x2a663e9e
22:44:22.0 (1878945)|HEAP_ALLOCATE|[23]|Bytes:6
22:44:22.0 (1921378)|STATEMENT_EXECUTE|[1]
22:44:22.0 (1925333)|STATEMENT_EXECUTE|[23]
22:44:22.0 (1933422)|HEAP_ALLOCATE|[23]|Bytes:4
22:44:22.0 (2027664)|VARIABLE_ASSIGNMENT|[23]|this.eventHandlerMapping|{"s":1,"v":{}}|0x2a663e9e
22:44:22.0 (2037672)|CONSTRUCTOR_EXIT|[10]|01p61000007124T|<init>()
22:44:22.0 (2057669)|HEAP_ALLOCATE|[50]|Bytes:5
22:44:22.0 (2077417)|HEAP_ALLOCATE|[56]|Bytes:5
22:44:22.0 (2087542)|HEAP_ALLOCATE|[64]|Bytes:7
22:44:22.0 (2140958)|VARIABLE_ASSIGNMENT|[10]|this.myhandler|0x2a663e9e|0x4a88fcaa
22:44:22.0 (2149226)|STATEMENT_EXECUTE|[12]
22:44:22.0 (2264751)|HEAP_ALLOCATE|[12]|Bytes:12
22:44:22.0 (2271776)|HEAP_ALLOCATE|[12]|Bytes:11
22:44:22.0 (2339344)|HEAP_ALLOCATE|[12]|Bytes:12
22:44:22.0 (2344685)|HEAP_ALLOCATE|[12]|Bytes:11
22:44:22.0 (2363036)|HEAP_ALLOCATE|[12]|Bytes:12
22:44:22.0 (2367345)|HEAP_ALLOCATE|[12]|Bytes:13
22:44:22.0 (2382019)|HEAP_ALLOCATE|[12]|Bytes:12
22:44:22.0 (2385786)|HEAP_ALLOCATE|[12]|Bytes:11
22:44:22.0 (2399943)|HEAP_ALLOCATE|[12]|Bytes:12
22:44:22.0 (2403576)|HEAP_ALLOCATE|[12]|Bytes:12
22:44:22.0 (2418142)|HEAP_ALLOCATE|[12]|Bytes:12
22:44:22.0 (2421654)|HEAP_ALLOCATE|[12]|Bytes:12
22:44:22.0 (2435847)|HEAP_ALLOCATE|[12]|Bytes:12
22:44:22.0 (2439392)|HEAP_ALLOCATE|[12]|Bytes:12
22:44:22.0 (2640596)|HEAP_ALLOCATE|[12]|Bytes:6
22:44:22.0 (2647183)|HEAP_ALLOCATE|[12]|Bytes:5
22:44:22.0 (2670834)|METHOD_ENTRY|[1]|01p61000007124Y|EventsInsertAfterHandler.EventsInsertAfterHandler()
22:44:22.0 (2677849)|STATEMENT_EXECUTE|[1]
22:44:22.0 (2686153)|STATEMENT_EXECUTE|[1]
22:44:22.0 (3145517)|SYSTEM_MODE_ENTER|false
22:44:22.0 (3168070)|HEAP_ALLOCATE|[12]|Bytes:5
22:44:22.0 (3177935)|SYSTEM_MODE_EXIT|false
22:44:22.0 (3189146)|METHOD_EXIT|[1]|EventsInsertAfterHandler
22:44:22.0 (3195775)|HEAP_ALLOCATE|[12]|Bytes:12
22:44:22.0 (3215662)|CONSTRUCTOR_ENTRY|[12]|01p61000007124Y|<init>()
22:44:22.0 (3248595)|VARIABLE_SCOPE_BEGIN|[5]|this|alagukannan.EventsInsertAfterHandler|true|false
22:44:22.0 (3503079)|VARIABLE_SCOPE_BEGIN|[2]|Configs.classInstance|alagukannan.Configs|true|true
22:44:22.0 (3642744)|VARIABLE_SCOPE_BEGIN|[2]|helper.classInstance|alagukannan.helper|true|true
22:44:22.0 (3653295)|VARIABLE_ASSIGNMENT|[5]|this|{}|0x27504397
22:44:22.0 (3664848)|SYSTEM_MODE_ENTER|false
22:44:22.0 (3670754)|HEAP_ALLOCATE|[3]|Bytes:5
22:44:22.0 (3679260)|STATEMENT_EXECUTE|[1]
22:44:22.0 (3683575)|HEAP_ALLOCATE|[3]|Bytes:5
22:44:22.0 (3687602)|STATEMENT_EXECUTE|[3]
22:44:22.0 (3696188)|HEAP_ALLOCATE|[3]|Bytes:132
22:44:22.0 (3701089)|HEAP_ALLOCATE|[3]|Bytes:11
22:44:22.0 (3719961)|METHOD_ENTRY|[1]|01p61000007124d|Configs.Configs()
22:44:22.0 (3725791)|STATEMENT_EXECUTE|[1]
22:44:22.0 (3732289)|STATEMENT_EXECUTE|[1]
22:44:22.0 (3737914)|HEAP_ALLOCATE|[8]|Bytes:5
22:44:22.0 (3742674)|STATEMENT_EXECUTE|[7]
22:44:22.0 (3745327)|STATEMENT_EXECUTE|[8]
22:44:22.0 (3750418)|HEAP_ALLOCATE|[8]|Bytes:20
22:44:22.0 (3758818)|CONSTRUCTOR_ENTRY|[8]|01p61000007124d|<init>()
22:44:22.0 (3789667)|VARIABLE_SCOPE_BEGIN|[11]|this|alagukannan.Configs|true|false
22:44:22.0 (3830993)|VARIABLE_ASSIGNMENT|[11]|this|{}|0x7eb4e353
22:44:22.0 (3841021)|HEAP_ALLOCATE|[4]|Bytes:5
22:44:22.0 (3848948)|STATEMENT_EXECUTE|[1]
22:44:22.0 (3852369)|HEAP_ALLOCATE|[4]|Bytes:5
22:44:22.0 (3856123)|STATEMENT_EXECUTE|[4]
22:44:22.0 (3859837)|HEAP_ALLOCATE|[4]|Bytes:21
22:44:22.0 (3873556)|VARIABLE_ASSIGNMENT|[4]|this.RCC_LEAD_SOURCE|"Redlands Cricket Clu (1 more) ..."|0x7eb4e353
22:44:22.0 (3878701)|STATEMENT_EXECUTE|[5]
22:44:22.0 (3883737)|HEAP_ALLOCATE|[5]|Bytes:4
22:44:22.0 (3890175)|VARIABLE_ASSIGNMENT|[5]|this.TOKEN_LENGTH|32|0x7eb4e353
22:44:22.0 (3894526)|STATEMENT_EXECUTE|[19]
22:44:22.0 (3897543)|STATEMENT_EXECUTE|[22]
22:44:22.0 (3922755)|STATEMENT_EXECUTE|[11]
22:44:22.0 (3929762)|CONSTRUCTOR_EXIT|[8]|01p61000007124d|<init>()
22:44:22.0 (3961982)|VARIABLE_ASSIGNMENT|[8]|Configs.classInstance|{"RCC_LEAD_SOURCE":"Redlands Cricket Clu (1 more) ...","TOKEN_LENGTH":32}|0x7eb4e353
22:44:22.0 (3975882)|METHOD_EXIT|[1]|Configs
22:44:22.0 (3998948)|METHOD_ENTRY|[3]|01p61000007124d|alagukannan.Configs.getInstance()
22:44:22.0 (4051929)|HEAP_ALLOCATE|[16]|Bytes:5
22:44:22.0 (4061551)|STATEMENT_EXECUTE|[15]
22:44:22.0 (4064565)|STATEMENT_EXECUTE|[16]
22:44:22.0 (4076114)|METHOD_EXIT|[3]|01p61000007124d|alagukannan.Configs.getInstance()
22:44:22.0 (4086479)|VARIABLE_ASSIGNMENT|[3]|this.myconfig|0x7eb4e353|0x27504397
22:44:22.0 (4091386)|STATEMENT_EXECUTE|[4]
22:44:22.0 (4101656)|HEAP_ALLOCATE|[4]|Bytes:7
22:44:22.0 (4126777)|METHOD_ENTRY|[1]|01p61000007124n|helper.helper()
22:44:22.0 (4132726)|STATEMENT_EXECUTE|[1]
22:44:22.0 (4140284)|STATEMENT_EXECUTE|[1]
22:44:22.0 (4146441)|HEAP_ALLOCATE|[5]|Bytes:5
22:44:22.0 (4151375)|STATEMENT_EXECUTE|[4]
22:44:22.0 (4153986)|STATEMENT_EXECUTE|[5]
22:44:22.0 (4158710)|HEAP_ALLOCATE|[5]|Bytes:4
22:44:22.0 (4167068)|CONSTRUCTOR_ENTRY|[5]|01p61000007124n|<init>()
22:44:22.0 (4195952)|VARIABLE_SCOPE_BEGIN|[8]|this|alagukannan.helper|true|false
22:44:22.0 (4218872)|VARIABLE_ASSIGNMENT|[8]|this|{}|0x4b1d1d1a
22:44:22.0 (4228626)|HEAP_ALLOCATE|[4]|Bytes:5
22:44:22.0 (4236520)|STATEMENT_EXECUTE|[1]
22:44:22.0 (4240049)|HEAP_ALLOCATE|[4]|Bytes:5
22:44:22.0 (4264631)|STATEMENT_EXECUTE|[8]
22:44:22.0 (4271609)|CONSTRUCTOR_EXIT|[5]|01p61000007124n|<init>()
22:44:22.0 (4295639)|VARIABLE_ASSIGNMENT|[5]|helper.classInstance|{}|0x4b1d1d1a
22:44:22.0 (4308253)|METHOD_EXIT|[1]|helper
22:44:22.0 (4327740)|METHOD_ENTRY|[4]|01p61000007124n|alagukannan.helper.getInstance()
22:44:22.0 (4350566)|HEAP_ALLOCATE|[13]|Bytes:5
22:44:22.0 (4359068)|STATEMENT_EXECUTE|[12]
22:44:22.0 (4362146)|STATEMENT_EXECUTE|[13]
22:44:22.0 (4371365)|METHOD_EXIT|[4]|01p61000007124n|alagukannan.helper.getInstance()
22:44:22.0 (4380658)|VARIABLE_ASSIGNMENT|[4]|this.myhelper|0x4b1d1d1a|0x27504397
22:44:22.0 (4404586)|STATEMENT_EXECUTE|[5]
22:44:22.0 (4410890)|SYSTEM_MODE_EXIT|false
22:44:22.0 (4422268)|CONSTRUCTOR_EXIT|[12]|01p61000007124Y|<init>()
22:44:22.0 (4452794)|METHOD_ENTRY|[12]|01p61000007124T|alagukannan.EventsDomainController.bind(alagukannan.EventsDomainController.Evt, alagukannan.EventsDomainController.HandlerInterface)
22:44:22.0 (4468414)|VARIABLE_SCOPE_BEGIN|[28]|this|alagukannan.EventsDomainController|true|false
22:44:22.0 (4496046)|VARIABLE_ASSIGNMENT|[28]|this|{"eventHandlerMapping":"0x2ab097c7"}|0x2a663e9e
22:44:22.0 (4506403)|VARIABLE_SCOPE_BEGIN|[28]|event|alagukannan.EventsDomainController.Evt|true|false
22:44:22.0 (4523869)|VARIABLE_ASSIGNMENT|[28]|event|"afterinsert"|0x3f305ede
22:44:22.0 (4531100)|VARIABLE_SCOPE_BEGIN|[28]|eh|alagukannan.EventsDomainController.HandlerInterface|true|false
22:44:22.0 (4552796)|VARIABLE_ASSIGNMENT|[28]|eh|{"myconfig":"0x7eb4e353","myhelper":"0x4b1d1d1a"}|0x27504397
22:44:22.0 (4563824)|STATEMENT_EXECUTE|[29]
22:44:22.0 (4567045)|STATEMENT_EXECUTE|[30]
22:44:22.0 (4616412)|ENTERING_MANAGED_PKG|
22:44:22.0 (4733161)|VARIABLE_SCOPE_BEGIN|[30]|handlers|List<alagukannan.EventsDomainController.HandlerInterface>|true|false
22:44:22.0 (4746383)|VARIABLE_ASSIGNMENT|[30]|handlers|null|
22:44:22.0 (4754329)|STATEMENT_EXECUTE|[32]
22:44:22.0 (4757223)|STATEMENT_EXECUTE|[33]
22:44:22.0 (4764696)|HEAP_ALLOCATE|[33]|Bytes:4
22:44:22.0 (4832843)|ENTERING_MANAGED_PKG|
22:44:22.0 (4877418)|HEAP_ALLOCATE|[EXTERNAL]|Bytes:4
22:44:22.0 (4897165)|VARIABLE_ASSIGNMENT|[33]|handlers|{"s":1,"v":[]}|0x5741157d
22:44:22.0 (4905077)|STATEMENT_EXECUTE|[34]
22:44:22.0 (4927084)|ENTERING_MANAGED_PKG|
22:44:22.0 (4953293)|HEAP_ALLOCATE|[EXTERNAL]|Bytes:-4
22:44:22.0 (4965155)|STATEMENT_EXECUTE|[36]
22:44:22.0 (4978948)|ENTERING_MANAGED_PKG|
22:44:22.0 (5002456)|HEAP_ALLOCATE|[EXTERNAL]|Bytes:4
22:44:22.0 (5014178)|STATEMENT_EXECUTE|[37]
22:44:22.0 (5021757)|METHOD_EXIT|[12]|01p61000007124T|alagukannan.EventsDomainController.bind(alagukannan.EventsDomainController.Evt, alagukannan.EventsDomainController.HandlerInterface)
22:44:22.0 (5029226)|STATEMENT_EXECUTE|[13]
22:44:22.0 (5045222)|METHOD_ENTRY|[13]|01p61000007124T|alagukannan.EventsDomainController.manage()
22:44:22.0 (5071862)|VARIABLE_SCOPE_BEGIN|[43]|this|alagukannan.EventsDomainController|true|false
22:44:22.0 (5099017)|VARIABLE_ASSIGNMENT|[43]|this|{"eventHandlerMapping":"0x2ab097c7"}|0x2a663e9e
22:44:22.0 (5110228)|STATEMENT_EXECUTE|[44]
22:44:22.0 (5113321)|STATEMENT_EXECUTE|[45]
22:44:22.0 (5124213)|VARIABLE_SCOPE_BEGIN|[45]|ev|alagukannan.EventsDomainController.Evt|true|false
22:44:22.0 (5132489)|VARIABLE_ASSIGNMENT|[45]|ev|null|
22:44:22.0 (5165560)|STATEMENT_EXECUTE|[55]
22:44:22.0 (5169029)|STATEMENT_EXECUTE|[56]
22:44:22.0 (5183592)|VARIABLE_ASSIGNMENT|[56]|ev|"beforeupdate"|0x464a5713
22:44:22.0 (5189818)|STATEMENT_EXECUTE|[75]
22:44:22.0 (5211184)|ENTERING_MANAGED_PKG|
22:44:22.0 (5240499)|VARIABLE_SCOPE_BEGIN|[75]|handlers|List<alagukannan.EventsDomainController.HandlerInterface>|true|false
22:44:22.0 (5249709)|VARIABLE_ASSIGNMENT|[75]|handlers|null|
22:44:22.0 (5257828)|STATEMENT_EXECUTE|[77]
22:44:22.0 (5263774)|METHOD_EXIT|[13]|01p61000007124T|alagukannan.EventsDomainController.manage()
22:44:22.5 (5278335)|CUMULATIVE_LIMIT_USAGE
22:44:22.5 (5278335)|LIMIT_USAGE_FOR_NS|(default)|
  Number of SOQL queries: 0 out of 100
  Number of query rows: 0 out of 50000
  Number of SOSL queries: 0 out of 20
  Number of DML statements: 0 out of 150
  Number of DML rows: 0 out of 10000
  Maximum CPU time: 0 out of 10000
  Maximum heap size: 0 out of 6000000
  Number of callouts: 0 out of 100
  Number of Email Invocations: 0 out of 10
  Number of future calls: 0 out of 50
  Number of queueable jobs added to the queue: 0 out of 50
  Number of Mobile Apex push calls: 0 out of 10

22:44:22.5 (5278335)|CUMULATIVE_LIMIT_USAGE_END

22:44:22.0 (6612659)|CODE_UNIT_FINISHED|alagukannan.eventsTrigger on Event trigger event BeforeUpdate for [a0E61000002D75G]
22:44:22.0 (25276719)|CODE_UNIT_STARTED|[EXTERNAL]|01q61000000kQuX|alagukannan.eventsTrigger on Event trigger event AfterUpdate for [a0E61000002D75G]
22:44:22.0 (25295759)|HEAP_ALLOCATE|[EXTERNAL]|Bytes:8
22:44:22.0 (25319691)|HEAP_ALLOCATE|[EXTERNAL]|Bytes:8
22:44:22.0 (25360621)|HEAP_ALLOCATE|[EXTERNAL]|Bytes:8
22:44:22.0 (25369815)|VARIABLE_SCOPE_BEGIN|[1]|this|alagukannan.eventsTrigger|true|false
22:44:22.0 (25393863)|VARIABLE_ASSIGNMENT|[1]|this|{}|0x37b352ac
22:44:22.0 (25418005)|HEAP_ALLOCATE|[EXTERNAL]|Bytes:8
22:44:22.0 (25425631)|VARIABLE_SCOPE_BEGIN|[1]|this|alagukannan.eventsTrigger|true|false
22:44:22.0 (25444097)|VARIABLE_ASSIGNMENT|[1]|this|{}|0x37b352ac
22:44:22.0 (25452961)|STATEMENT_EXECUTE|[1]
22:44:22.0 (25456156)|STATEMENT_EXECUTE|[10]
22:44:22.0 (25461232)|HEAP_ALLOCATE|[10]|Bytes:8
22:44:22.0 (25468030)|CONSTRUCTOR_ENTRY|[10]|01p61000007124T|<init>()
22:44:22.0 (25477817)|VARIABLE_SCOPE_BEGIN|[1]|this|alagukannan.EventsDomainController|true|false
22:44:22.0 (25498265)|VARIABLE_ASSIGNMENT|[1]|this|{}|0x2623fc1
22:44:22.0 (25522501)|STATEMENT_EXECUTE|[1]
22:44:22.0 (25526090)|STATEMENT_EXECUTE|[23]
22:44:22.0 (25530812)|HEAP_ALLOCATE|[23]|Bytes:4
22:44:22.0 (25552767)|VARIABLE_ASSIGNMENT|[23]|this.eventHandlerMapping|{"s":1,"v":{}}|0x2623fc1
22:44:22.0 (25560034)|CONSTRUCTOR_EXIT|[10]|01p61000007124T|<init>()
22:44:22.0 (25570695)|VARIABLE_ASSIGNMENT|[10]|this.myhandler|0x2623fc1|0x37b352ac
22:44:22.0 (25576466)|STATEMENT_EXECUTE|[12]
22:44:22.0 (25585198)|HEAP_ALLOCATE|[12]|Bytes:12
22:44:22.0 (25595873)|CONSTRUCTOR_ENTRY|[12]|01p61000007124Y|<init>()
22:44:22.0 (25605624)|VARIABLE_SCOPE_BEGIN|[5]|this|alagukannan.EventsInsertAfterHandler|true|false
22:44:22.0 (25627885)|VARIABLE_ASSIGNMENT|[5]|this|{}|0xb9f6633
22:44:22.0 (26021220)|SYSTEM_MODE_ENTER|false
22:44:22.0 (26030031)|HEAP_ALLOCATE|[3]|Bytes:5
22:44:22.0 (26039625)|STATEMENT_EXECUTE|[1]
22:44:22.0 (26044093)|HEAP_ALLOCATE|[3]|Bytes:5
22:44:22.0 (26047966)|STATEMENT_EXECUTE|[3]
22:44:22.0 (26055894)|METHOD_ENTRY|[3]|01p61000007124d|alagukannan.Configs.getInstance()
22:44:22.0 (26064736)|HEAP_ALLOCATE|[16]|Bytes:5
22:44:22.0 (26069879)|STATEMENT_EXECUTE|[15]
22:44:22.0 (26072549)|STATEMENT_EXECUTE|[16]
22:44:22.0 (26080562)|METHOD_EXIT|[3]|01p61000007124d|alagukannan.Configs.getInstance()
22:44:22.0 (26089660)|VARIABLE_ASSIGNMENT|[3]|this.myconfig|0x7eb4e353|0xb9f6633
22:44:22.0 (26094329)|STATEMENT_EXECUTE|[4]
22:44:22.0 (26099543)|METHOD_ENTRY|[4]|01p61000007124n|alagukannan.helper.getInstance()
22:44:22.0 (26107922)|HEAP_ALLOCATE|[13]|Bytes:5
22:44:22.0 (26113374)|STATEMENT_EXECUTE|[12]
22:44:22.0 (26116050)|STATEMENT_EXECUTE|[13]
22:44:22.0 (26127974)|METHOD_EXIT|[4]|01p61000007124n|alagukannan.helper.getInstance()
22:44:22.0 (26135808)|VARIABLE_ASSIGNMENT|[4]|this.myhelper|0x4b1d1d1a|0xb9f6633
22:44:22.0 (26159551)|STATEMENT_EXECUTE|[5]
22:44:22.0 (26165829)|SYSTEM_MODE_EXIT|false
22:44:22.0 (26177079)|CONSTRUCTOR_EXIT|[12]|01p61000007124Y|<init>()
22:44:22.0 (26186966)|METHOD_ENTRY|[12]|01p61000007124T|alagukannan.EventsDomainController.bind(alagukannan.EventsDomainController.Evt, alagukannan.EventsDomainController.HandlerInterface)
22:44:22.0 (26197002)|VARIABLE_SCOPE_BEGIN|[28]|this|alagukannan.EventsDomainController|true|false
22:44:22.0 (26224046)|VARIABLE_ASSIGNMENT|[28]|this|{"eventHandlerMapping":"0x72888ad6"}|0x2623fc1
22:44:22.0 (26231911)|VARIABLE_SCOPE_BEGIN|[28]|event|alagukannan.EventsDomainController.Evt|true|false
22:44:22.0 (26243058)|VARIABLE_ASSIGNMENT|[28]|event|"afterinsert"|0x3f305ede
22:44:22.0 (26247898)|VARIABLE_SCOPE_BEGIN|[28]|eh|alagukannan.EventsDomainController.HandlerInterface|true|false
22:44:22.0 (26268426)|VARIABLE_ASSIGNMENT|[28]|eh|{"myconfig":"0x7eb4e353","myhelper":"0x4b1d1d1a"}|0xb9f6633
22:44:22.0 (26278169)|STATEMENT_EXECUTE|[29]
22:44:22.0 (26281157)|STATEMENT_EXECUTE|[30]
22:44:22.0 (26299860)|ENTERING_MANAGED_PKG|
22:44:22.0 (26312963)|VARIABLE_SCOPE_BEGIN|[30]|handlers|List<alagukannan.EventsDomainController.HandlerInterface>|true|false
22:44:22.0 (26321876)|VARIABLE_ASSIGNMENT|[30]|handlers|null|
22:44:22.0 (26328341)|STATEMENT_EXECUTE|[32]
22:44:22.0 (26331078)|STATEMENT_EXECUTE|[33]
22:44:22.0 (26335837)|HEAP_ALLOCATE|[33]|Bytes:4
22:44:22.0 (26345853)|ENTERING_MANAGED_PKG|
22:44:22.0 (26360335)|HEAP_ALLOCATE|[EXTERNAL]|Bytes:4
22:44:22.0 (26373733)|VARIABLE_ASSIGNMENT|[33]|handlers|{"s":1,"v":[]}|0x269463de
22:44:22.0 (26380418)|STATEMENT_EXECUTE|[34]
22:44:22.0 (26397023)|ENTERING_MANAGED_PKG|
22:44:22.0 (26402291)|HEAP_ALLOCATE|[EXTERNAL]|Bytes:-4
22:44:22.0 (26410915)|STATEMENT_EXECUTE|[36]
22:44:22.0 (26418626)|ENTERING_MANAGED_PKG|
22:44:22.0 (26424211)|HEAP_ALLOCATE|[EXTERNAL]|Bytes:4
22:44:22.0 (26431696)|STATEMENT_EXECUTE|[37]
22:44:22.0 (26438764)|METHOD_EXIT|[12]|01p61000007124T|alagukannan.EventsDomainController.bind(alagukannan.EventsDomainController.Evt, alagukannan.EventsDomainController.HandlerInterface)
22:44:22.0 (26445558)|STATEMENT_EXECUTE|[13]
22:44:22.0 (26455622)|METHOD_ENTRY|[13]|01p61000007124T|alagukannan.EventsDomainController.manage()
22:44:22.0 (26465104)|VARIABLE_SCOPE_BEGIN|[43]|this|alagukannan.EventsDomainController|true|false
22:44:22.0 (26490316)|VARIABLE_ASSIGNMENT|[43]|this|{"eventHandlerMapping":"0x72888ad6"}|0x2623fc1
22:44:22.0 (26500468)|STATEMENT_EXECUTE|[44]
22:44:22.0 (26503370)|STATEMENT_EXECUTE|[45]
22:44:22.0 (26509544)|VARIABLE_SCOPE_BEGIN|[45]|ev|alagukannan.EventsDomainController.Evt|true|false
22:44:22.0 (26516790)|VARIABLE_ASSIGNMENT|[45]|ev|null|
22:44:22.0 (26540200)|STATEMENT_EXECUTE|[59]
22:44:22.0 (26543654)|STATEMENT_EXECUTE|[60]
22:44:22.0 (26557565)|VARIABLE_ASSIGNMENT|[60]|ev|"afterupdate"|0x359bdcfa
22:44:22.0 (26563103)|STATEMENT_EXECUTE|[75]
22:44:22.0 (26580894)|ENTERING_MANAGED_PKG|
22:44:22.0 (26592723)|VARIABLE_SCOPE_BEGIN|[75]|handlers|List<alagukannan.EventsDomainController.HandlerInterface>|true|false
22:44:22.0 (26600844)|VARIABLE_ASSIGNMENT|[75]|handlers|null|
22:44:22.0 (26607704)|STATEMENT_EXECUTE|[77]
22:44:22.0 (26613309)|METHOD_EXIT|[13]|01p61000007124T|alagukannan.EventsDomainController.manage()
22:44:22.26 (26623993)|CUMULATIVE_LIMIT_USAGE
22:44:22.26 (26623993)|LIMIT_USAGE_FOR_NS|(default)|
  Number of SOQL queries: 0 out of 100
  Number of query rows: 0 out of 50000
  Number of SOSL queries: 0 out of 20
  Number of DML statements: 0 out of 150
  Number of DML rows: 0 out of 10000
  Maximum CPU time: 0 out of 10000
  Maximum heap size: 0 out of 6000000
  Number of callouts: 0 out of 100
  Number of Email Invocations: 0 out of 10
  Number of future calls: 0 out of 50
  Number of queueable jobs added to the queue: 0 out of 50
  Number of Mobile Apex push calls: 0 out of 10

22:44:22.26 (26623993)|CUMULATIVE_LIMIT_USAGE_END

22:44:22.0 (27867646)|CODE_UNIT_FINISHED|alagukannan.eventsTrigger on Event trigger event AfterUpdate for [a0E61000002D75G]
22:44:22.0 (28596730)|CODE_UNIT_STARTED|[EXTERNAL]|Workflow:01I61000000w8rk
22:44:22.0 (37224162)|WF_RULE_EVAL_BEGIN|Workflow
22:44:22.0 (37252882)|WF_CRITERIA_BEGIN|[Cricket Event: RCC-00004 a0E61000002D75G]|alagukannan_Cancelling_the_cricket_game3016100000099tK|01Q61000000PtzO|ON_ALL_CHANGES|0
22:44:22.0 (37385285)|WF_FORMULA|Formula:ENCODED:[treatNullAsNull]true|Values:
22:44:22.0 (37391303)|WF_CRITERIA_END|true
22:44:22.0 (37878611)|WF_SPOOL_ACTION_BEGIN|Workflow
22:44:22.0 (37909084)|WF_ACTION| Flow Trigger: 1;
22:44:22.0 (37912100)|WF_RULE_EVAL_END
22:44:22.0 (42466647)|WF_FLOW_ACTION_BEGIN|09L610000008iqg
22:44:22.42 (42540367)|FLOW_CREATE_INTERVIEW_BEGIN|00D61000000eD77|300610000008dGQ|3016100000099tK
22:44:22.42 (43992101)|FLOW_CREATE_INTERVIEW_END|8629a868423c298968df5bb2e8d315397a6ffbd-38c9|Cancelling the cricket game
22:44:22.44 (44337276)|FLOW_START_INTERVIEWS_BEGIN|1
22:44:22.44 (68461558)|FLOW_START_INTERVIEW_BEGIN|8629a868423c298968df5bb2e8d315397a6ffbd-38c9|Cancelling the cricket game
22:44:22.44 (69144709)|FLOW_START_INTERVIEW_END|8629a868423c298968df5bb2e8d315397a6ffbd-38c9|Cancelling the cricket game
22:44:22.95 (95521746)|CODE_UNIT_STARTED|[EXTERNAL]|01q61000000kQuh|alagukannan.ParticipantTrigger on Participant trigger event BeforeUpdate for [a0F610000038RVG, a0F610000038RVH, a0F610000038RVI]
22:44:22.95 (95597380)|HEAP_ALLOCATE|[EXTERNAL]|Bytes:16
22:44:22.95 (95637330)|HEAP_ALLOCATE|[EXTERNAL]|Bytes:16
22:44:22.95 (95737507)|HEAP_ALLOCATE|[EXTERNAL]|Bytes:8
22:44:22.95 (95762847)|VARIABLE_SCOPE_BEGIN|[1]|this|alagukannan.ParticipantTrigger|true|false
22:44:22.95 (96068234)|VARIABLE_ASSIGNMENT|[1]|this|{}|0x44458018
22:44:22.95 (96115211)|HEAP_ALLOCATE|[EXTERNAL]|Bytes:8
22:44:22.95 (96132074)|VARIABLE_SCOPE_BEGIN|[1]|this|alagukannan.ParticipantTrigger|true|false
22:44:22.95 (96154185)|VARIABLE_ASSIGNMENT|[1]|this|{}|0x44458018
22:44:22.95 (96171768)|STATEMENT_EXECUTE|[1]
22:44:22.95 (96175595)|STATEMENT_EXECUTE|[10]
22:44:22.95 (96185619)|HEAP_ALLOCATE|[10]|Bytes:20
22:44:22.95 (96192349)|HEAP_ALLOCATE|[10]|Bytes:5
22:44:22.95 (96222361)|METHOD_ENTRY|[1]|01p61000007124s|ParticipantTriggerController.ParticipantTriggerController()
22:44:22.95 (96230264)|STATEMENT_EXECUTE|[1]
22:44:22.95 (96238480)|STATEMENT_EXECUTE|[1]
22:44:22.95 (96247439)|METHOD_EXIT|[1]|ParticipantTriggerController
22:44:22.95 (96256047)|HEAP_ALLOCATE|[10]|Bytes:8
22:44:22.95 (96275109)|CONSTRUCTOR_ENTRY|[10]|01p61000007124s|<init>()
22:44:22.95 (96318913)|VARIABLE_SCOPE_BEGIN|[1]|this|alagukannan.ParticipantTriggerController|true|false
22:44:22.95 (96487389)|VARIABLE_ASSIGNMENT|[1]|this|{}|0x5a261b60
22:44:22.95 (96525346)|STATEMENT_EXECUTE|[1]
22:44:22.95 (96529137)|STATEMENT_EXECUTE|[23]
22:44:22.95 (96537393)|HEAP_ALLOCATE|[23]|Bytes:4
22:44:22.95 (96632879)|VARIABLE_ASSIGNMENT|[23]|this.eventHandlerMapping|{"s":1,"v":{}}|0x5a261b60
22:44:22.95 (96641998)|CONSTRUCTOR_EXIT|[10]|01p61000007124s|<init>()
22:44:22.95 (96660282)|VARIABLE_ASSIGNMENT|[10]|this.myhandler|0x5a261b60|0x44458018
22:44:22.95 (96667352)|STATEMENT_EXECUTE|[12]
22:44:22.95 (96777488)|HEAP_ALLOCATE|[12]|Bytes:12
22:44:22.95 (96851651)|HEAP_ALLOCATE|[12]|Bytes:12
22:44:22.95 (96872250)|HEAP_ALLOCATE|[12]|Bytes:12
22:44:22.95 (96888772)|HEAP_ALLOCATE|[12]|Bytes:12
22:44:22.95 (96907777)|HEAP_ALLOCATE|[12]|Bytes:12
22:44:22.95 (96923790)|HEAP_ALLOCATE|[12]|Bytes:12
22:44:22.95 (96938930)|HEAP_ALLOCATE|[12]|Bytes:12
22:44:22.95 (97093038)|HEAP_ALLOCATE|[12]|Bytes:6
22:44:22.95 (97122391)|METHOD_ENTRY|[1]|01p61000007124x|participantInsertBefore.participantInsertBefore()
22:44:22.95 (97129798)|STATEMENT_EXECUTE|[1]
22:44:22.95 (97138090)|STATEMENT_EXECUTE|[1]
22:44:22.95 (97606275)|SYSTEM_MODE_ENTER|false
22:44:22.95 (97615056)|HEAP_ALLOCATE|[12]|Bytes:5
22:44:22.95 (97623226)|SYSTEM_MODE_EXIT|false
22:44:22.95 (97633632)|METHOD_EXIT|[1]|participantInsertBefore
22:44:22.95 (97640302)|HEAP_ALLOCATE|[12]|Bytes:12
22:44:22.95 (97657949)|CONSTRUCTOR_ENTRY|[12]|01p61000007124x|<init>()
22:44:22.95 (97690795)|VARIABLE_SCOPE_BEGIN|[6]|this|alagukannan.participantInsertBefore|true|false
22:44:22.95 (97720699)|VARIABLE_ASSIGNMENT|[6]|this|{}|0xcd26c86
22:44:22.95 (97732717)|SYSTEM_MODE_ENTER|false
22:44:22.95 (97738620)|HEAP_ALLOCATE|[3]|Bytes:5
22:44:22.95 (97747050)|STATEMENT_EXECUTE|[1]
22:44:22.95 (97750861)|HEAP_ALLOCATE|[3]|Bytes:5
22:44:22.95 (97754782)|STATEMENT_EXECUTE|[3]
22:44:22.95 (97766881)|METHOD_ENTRY|[3]|01p61000007124d|alagukannan.Configs.getInstance()
22:44:22.95 (97813863)|HEAP_ALLOCATE|[16]|Bytes:5
22:44:22.95 (97821952)|STATEMENT_EXECUTE|[15]
22:44:22.95 (97825116)|STATEMENT_EXECUTE|[16]
22:44:22.95 (97835526)|METHOD_EXIT|[3]|01p61000007124d|alagukannan.Configs.getInstance()
22:44:22.95 (97846145)|VARIABLE_ASSIGNMENT|[3]|this.myconfig|0x7eb4e353|0xcd26c86
22:44:22.95 (97851163)|STATEMENT_EXECUTE|[4]
22:44:22.95 (97858701)|METHOD_ENTRY|[4]|01p61000007124n|alagukannan.helper.getInstance()
22:44:22.95 (97876417)|HEAP_ALLOCATE|[13]|Bytes:5
22:44:22.95 (97883333)|STATEMENT_EXECUTE|[12]
22:44:22.95 (97886289)|STATEMENT_EXECUTE|[13]
22:44:22.95 (97893804)|METHOD_EXIT|[4]|01p61000007124n|alagukannan.helper.getInstance()
22:44:22.95 (97901913)|VARIABLE_ASSIGNMENT|[4]|this.myhelper|0x4b1d1d1a|0xcd26c86
22:44:22.95 (97926160)|STATEMENT_EXECUTE|[6]
22:44:22.95 (97932418)|SYSTEM_MODE_EXIT|false
22:44:22.95 (97943389)|CONSTRUCTOR_EXIT|[12]|01p61000007124x|<init>()
22:44:22.95 (97974975)|METHOD_ENTRY|[12]|01p61000007124s|alagukannan.ParticipantTriggerController.bind(alagukannan.ParticipantTriggerController.Evt, alagukannan.ParticipantTriggerController.HandlerInterface)
22:44:22.95 (97989834)|VARIABLE_SCOPE_BEGIN|[28]|this|alagukannan.ParticipantTriggerController|true|false
22:44:22.95 (98018927)|VARIABLE_ASSIGNMENT|[28]|this|{"eventHandlerMapping":"0x64ff6541"}|0x5a261b60
22:44:22.95 (98030459)|VARIABLE_SCOPE_BEGIN|[28]|event|alagukannan.ParticipantTriggerController.Evt|true|false
22:44:22.95 (98048427)|VARIABLE_ASSIGNMENT|[28]|event|"beforeinsert"|0x1f0d54b5
22:44:22.95 (98055685)|VARIABLE_SCOPE_BEGIN|[28]|eh|alagukannan.ParticipantTriggerController.HandlerInterface|true|false
22:44:22.95 (98077213)|VARIABLE_ASSIGNMENT|[28]|eh|{"myconfig":"0x7eb4e353","myhelper":"0x4b1d1d1a"}|0xcd26c86
22:44:22.95 (98088190)|STATEMENT_EXECUTE|[29]
22:44:22.95 (98091236)|STATEMENT_EXECUTE|[30]
22:44:22.95 (98126596)|ENTERING_MANAGED_PKG|
22:44:22.95 (98183736)|VARIABLE_SCOPE_BEGIN|[30]|handlers|List<alagukannan.ParticipantTriggerController.HandlerInterface>|true|false
22:44:22.95 (98195359)|VARIABLE_ASSIGNMENT|[30]|handlers|null|
22:44:22.95 (98203106)|STATEMENT_EXECUTE|[32]
22:44:22.95 (98205892)|STATEMENT_EXECUTE|[33]
22:44:22.95 (98213263)|HEAP_ALLOCATE|[33]|Bytes:4
22:44:22.95 (98279791)|ENTERING_MANAGED_PKG|
22:44:22.95 (98323485)|HEAP_ALLOCATE|[EXTERNAL]|Bytes:4
22:44:22.95 (98342148)|VARIABLE_ASSIGNMENT|[33]|handlers|{"s":1,"v":[]}|0x1f6e15aa
22:44:22.95 (98349951)|STATEMENT_EXECUTE|[34]
22:44:22.95 (98371677)|ENTERING_MANAGED_PKG|
22:44:22.95 (98396922)|HEAP_ALLOCATE|[EXTERNAL]|Bytes:-4
22:44:22.95 (98408890)|STATEMENT_EXECUTE|[36]
22:44:22.95 (98422705)|ENTERING_MANAGED_PKG|
22:44:22.95 (98445070)|HEAP_ALLOCATE|[EXTERNAL]|Bytes:4
22:44:22.95 (98455742)|STATEMENT_EXECUTE|[37]
22:44:22.95 (98463394)|METHOD_EXIT|[12]|01p61000007124s|alagukannan.ParticipantTriggerController.bind(alagukannan.ParticipantTriggerController.Evt, alagukannan.ParticipantTriggerController.HandlerInterface)
22:44:22.95 (98470684)|STATEMENT_EXECUTE|[13]
22:44:22.95 (98486573)|METHOD_ENTRY|[13]|01p61000007124s|alagukannan.ParticipantTriggerController.manage()
22:44:22.95 (98512797)|VARIABLE_SCOPE_BEGIN|[43]|this|alagukannan.ParticipantTriggerController|true|false
22:44:22.95 (98539767)|VARIABLE_ASSIGNMENT|[43]|this|{"eventHandlerMapping":"0x64ff6541"}|0x5a261b60
22:44:22.95 (98551156)|STATEMENT_EXECUTE|[44]
22:44:22.95 (98554172)|STATEMENT_EXECUTE|[45]
22:44:22.95 (98560748)|VARIABLE_SCOPE_BEGIN|[45]|ev|alagukannan.ParticipantTriggerController.Evt|true|false
22:44:22.95 (98568807)|VARIABLE_ASSIGNMENT|[45]|ev|null|
22:44:22.95 (98593155)|STATEMENT_EXECUTE|[55]
22:44:22.95 (98596310)|STATEMENT_EXECUTE|[56]
22:44:22.95 (98610068)|VARIABLE_ASSIGNMENT|[56]|ev|"beforeupdate"|0x4a6a7851
22:44:22.95 (98616062)|STATEMENT_EXECUTE|[75]
22:44:22.95 (98636516)|ENTERING_MANAGED_PKG|
22:44:22.95 (98664440)|VARIABLE_SCOPE_BEGIN|[75]|handlers|List<alagukannan.ParticipantTriggerController.HandlerInterface>|true|false
22:44:22.95 (98673327)|VARIABLE_ASSIGNMENT|[75]|handlers|null|
22:44:22.95 (98681259)|STATEMENT_EXECUTE|[77]
22:44:22.95 (98687134)|METHOD_EXIT|[13]|01p61000007124s|alagukannan.ParticipantTriggerController.manage()
22:44:22.98 (98701964)|CUMULATIVE_LIMIT_USAGE
22:44:22.98 (98701964)|LIMIT_USAGE_FOR_NS|(default)|
  Number of SOQL queries: 0 out of 100
  Number of query rows: 0 out of 50000
  Number of SOSL queries: 0 out of 20
  Number of DML statements: 0 out of 150
  Number of DML rows: 0 out of 10000
  Maximum CPU time: 0 out of 10000
  Maximum heap size: 0 out of 6000000
  Number of callouts: 0 out of 100
  Number of Email Invocations: 0 out of 10
  Number of future calls: 0 out of 50
  Number of queueable jobs added to the queue: 0 out of 50
  Number of Mobile Apex push calls: 0 out of 10

22:44:22.98 (98701964)|LIMIT_USAGE_FOR_NS|alagukannan|
  Number of SOQL queries: 1 out of 100
  Number of query rows: 3 out of 50000
  Number of SOSL queries: 0 out of 20
  Number of DML statements: 1 out of 150
  Number of DML rows: 3 out of 10000
  Maximum CPU time: 0 out of 10000
  Maximum heap size: 0 out of 6000000
  Number of callouts: 0 out of 100
  Number of Email Invocations: 0 out of 10
  Number of future calls: 0 out of 50
  Number of queueable jobs added to the queue: 0 out of 50
  Number of Mobile Apex push calls: 0 out of 10

22:44:22.98 (98701964)|CUMULATIVE_LIMIT_USAGE_END

22:44:22.95 (100045240)|CODE_UNIT_FINISHED|alagukannan.ParticipantTrigger on Participant trigger event BeforeUpdate for [a0F610000038RVG, a0F610000038RVH, a0F610000038RVI]
22:44:22.102 (102371230)|VALIDATION_RULE|03d61000000RiIY|Cannot_change_expired_events_answers
22:44:22.102 (102544053)|VALIDATION_FORMULA|ISPICKVAL(alagukannan__Event__r.alagukannan__Status__c,'Expired')|alagukannan__Event__r.alagukannan__Status__c=Cancelled
22:44:22.102 (102551859)|VALIDATION_PASS
22:44:22.102 (102554762)|VALIDATION_RULE|03d61000000RiIT|Guest_Range_0_to_100
22:44:22.102 (102677360)|VALIDATION_FORMULA|OR(
alagukannan__Guests__c < 0,
alagukannan__Guests__c > 100
)|alagukannan__Guests__c=null
22:44:22.102 (102683768)|VALIDATION_PASS
22:44:22.102 (102750129)|VALIDATION_RULE|03d61000000RiIY|Cannot_change_expired_events_answers
22:44:22.102 (102909185)|VALIDATION_FORMULA|ISPICKVAL(alagukannan__Event__r.alagukannan__Status__c,'Expired')|alagukannan__Event__r.alagukannan__Status__c=Cancelled
22:44:22.102 (102915356)|VALIDATION_PASS
22:44:22.102 (102917536)|VALIDATION_RULE|03d61000000RiIT|Guest_Range_0_to_100
22:44:22.102 (103029709)|VALIDATION_FORMULA|OR(
alagukannan__Guests__c < 0,
alagukannan__Guests__c > 100
)|alagukannan__Guests__c=null
22:44:22.102 (103036296)|VALIDATION_PASS
22:44:22.103 (103097987)|VALIDATION_RULE|03d61000000RiIY|Cannot_change_expired_events_answers
22:44:22.103 (103259569)|VALIDATION_FORMULA|ISPICKVAL(alagukannan__Event__r.alagukannan__Status__c,'Expired')|alagukannan__Event__r.alagukannan__Status__c=Cancelled
22:44:22.103 (103265765)|VALIDATION_PASS
22:44:22.103 (103267888)|VALIDATION_RULE|03d61000000RiIT|Guest_Range_0_to_100
22:44:22.103 (103380913)|VALIDATION_FORMULA|OR(
alagukannan__Guests__c < 0,
alagukannan__Guests__c > 100
)|alagukannan__Guests__c=0
22:44:22.103 (103387153)|VALIDATION_PASS
22:44:22.44 (139843807)|FLOW_ELEMENT_ERROR|UPDATE --- UPDATE FAILED ---  ERRORS :  (FIELD_FILTER_VALIDATION_EXCEPTION) Value does not exist or does not match filter criteria., |FlowRecordUpdate|myRule_1_A1
22:44:22.44 (154195129)|FLOW_START_INTERVIEWS_END|1
22:44:22.0 (154275010)|WF_FLOW_ACTION_ERROR|09L610000008iqg|300610000008dGQ|Error executing flow: alagukannan__Cancelling_the_cricket_game, FlowDefId: 300610000008dGQ, FlowVersionId: 3016100000099tK
22:44:22.0 (154290373)|WF_FLOW_ACTION_ERROR_DETAIL|<b>An unhandled fault has occurred in this flow</b><br>An unhandled fault has occurred while processing the flow.  Please contact your system administrator for more information.
22:44:22.0 (154336741)|WF_FLOW_ACTION_END|09L610000008iqg
22:44:22.0 (154351397)|CODE_UNIT_FINISHED|Workflow:01I61000000w8rk
22:44:22.0 (158907375)|CODE_UNIT_FINISHED|TRIGGERS
22:44:22.0 (158920912)|EXECUTION_FINISHED
