34.0 APEX_CODE,FINEST;APEX_PROFILING,INFO;CALLOUT,INFO;DB,INFO;SYSTEM,DEBUG;VALIDATION,INFO;VISUALFORCE,INFO;WORKFLOW,INFO
22:47:11.0 (362366)|EXECUTION_STARTED
22:47:11.0 (397086)|CODE_UNIT_STARTED|[EXTERNAL]|TRIGGERS
22:47:11.0 (440426)|CODE_UNIT_STARTED|[EXTERNAL]|01q61000000kQuX|alagukannan.eventsTrigger on Event trigger event BeforeUpdate for [a0E61000002D75G]
22:47:11.0 (507664)|HEAP_ALLOCATE|[EXTERNAL]|Bytes:8
22:47:11.0 (613371)|HEAP_ALLOCATE|[EXTERNAL]|Bytes:8
22:47:11.0 (1069858)|HEAP_ALLOCATE|[72]|Bytes:3
22:47:11.0 (1128629)|HEAP_ALLOCATE|[77]|Bytes:152
22:47:11.0 (1148959)|HEAP_ALLOCATE|[342]|Bytes:408
22:47:11.0 (1167216)|HEAP_ALLOCATE|[355]|Bytes:408
22:47:11.0 (1184228)|HEAP_ALLOCATE|[467]|Bytes:48
22:47:11.0 (1222202)|HEAP_ALLOCATE|[139]|Bytes:6
22:47:11.0 (19514036)|HEAP_ALLOCATE|[EXTERNAL]|Bytes:8
22:47:11.0 (19542529)|VARIABLE_SCOPE_BEGIN|[1]|this|alagukannan.eventsTrigger|true|false
22:47:11.0 (19638084)|VARIABLE_ASSIGNMENT|[1]|this|{}|0x49efa96b
22:47:11.0 (19749975)|HEAP_ALLOCATE|[EXTERNAL]|Bytes:8
22:47:11.0 (19760410)|VARIABLE_SCOPE_BEGIN|[1]|this|alagukannan.eventsTrigger|true|false
22:47:11.0 (19777298)|VARIABLE_ASSIGNMENT|[1]|this|{}|0x49efa96b
22:47:11.0 (19792870)|STATEMENT_EXECUTE|[1]
22:47:11.0 (19796022)|STATEMENT_EXECUTE|[10]
22:47:11.0 (19809004)|HEAP_ALLOCATE|[10]|Bytes:20
22:47:11.0 (19816034)|HEAP_ALLOCATE|[10]|Bytes:5
22:47:11.0 (19874764)|METHOD_ENTRY|[1]|01p61000007124T|EventsDomainController.EventsDomainController()
22:47:11.0 (19881659)|STATEMENT_EXECUTE|[1]
22:47:11.0 (19889497)|STATEMENT_EXECUTE|[1]
22:47:11.0 (19898512)|METHOD_EXIT|[1]|EventsDomainController
22:47:11.0 (20122723)|HEAP_ALLOCATE|[10]|Bytes:8
22:47:11.0 (20146024)|CONSTRUCTOR_ENTRY|[10]|01p61000007124T|<init>()
22:47:11.0 (20188096)|VARIABLE_SCOPE_BEGIN|[1]|this|alagukannan.EventsDomainController|true|false
22:47:11.0 (20213736)|VARIABLE_ASSIGNMENT|[1]|this|{}|0x50347f27
22:47:11.0 (20225169)|HEAP_ALLOCATE|[23]|Bytes:6
22:47:11.0 (20259946)|STATEMENT_EXECUTE|[1]
22:47:11.0 (20262741)|STATEMENT_EXECUTE|[23]
22:47:11.0 (20269573)|HEAP_ALLOCATE|[23]|Bytes:4
22:47:11.0 (20370262)|VARIABLE_ASSIGNMENT|[23]|this.eventHandlerMapping|{"s":1,"v":{}}|0x50347f27
22:47:11.0 (20382792)|CONSTRUCTOR_EXIT|[10]|01p61000007124T|<init>()
22:47:11.0 (20408422)|HEAP_ALLOCATE|[50]|Bytes:5
22:47:11.0 (20428452)|HEAP_ALLOCATE|[56]|Bytes:5
22:47:11.0 (20438979)|HEAP_ALLOCATE|[64]|Bytes:7
22:47:11.0 (20492211)|VARIABLE_ASSIGNMENT|[10]|this.myhandler|0x50347f27|0x49efa96b
22:47:11.0 (20497440)|STATEMENT_EXECUTE|[12]
22:47:11.0 (20781247)|HEAP_ALLOCATE|[12]|Bytes:12
22:47:11.0 (20788210)|HEAP_ALLOCATE|[12]|Bytes:11
22:47:11.0 (20845776)|HEAP_ALLOCATE|[12]|Bytes:12
22:47:11.0 (20850671)|HEAP_ALLOCATE|[12]|Bytes:11
22:47:11.0 (20863607)|HEAP_ALLOCATE|[12]|Bytes:12
22:47:11.0 (20866762)|HEAP_ALLOCATE|[12]|Bytes:13
22:47:11.0 (20877279)|HEAP_ALLOCATE|[12]|Bytes:12
22:47:11.0 (20880293)|HEAP_ALLOCATE|[12]|Bytes:11
22:47:11.0 (20890068)|HEAP_ALLOCATE|[12]|Bytes:12
22:47:11.0 (20893018)|HEAP_ALLOCATE|[12]|Bytes:12
22:47:11.0 (20902613)|HEAP_ALLOCATE|[12]|Bytes:12
22:47:11.0 (20905653)|HEAP_ALLOCATE|[12]|Bytes:12
22:47:11.0 (20915176)|HEAP_ALLOCATE|[12]|Bytes:12
22:47:11.0 (20919057)|HEAP_ALLOCATE|[12]|Bytes:12
22:47:11.0 (27613704)|HEAP_ALLOCATE|[12]|Bytes:6
22:47:11.0 (27621866)|HEAP_ALLOCATE|[12]|Bytes:5
22:47:11.0 (27643739)|METHOD_ENTRY|[1]|01p61000007124Y|EventsInsertAfterHandler.EventsInsertAfterHandler()
22:47:11.0 (27648994)|STATEMENT_EXECUTE|[1]
22:47:11.0 (27656220)|STATEMENT_EXECUTE|[1]
22:47:11.0 (28194497)|SYSTEM_MODE_ENTER|false
22:47:11.0 (28221383)|HEAP_ALLOCATE|[12]|Bytes:5
22:47:11.0 (28230477)|SYSTEM_MODE_EXIT|false
22:47:11.0 (28241196)|METHOD_EXIT|[1]|EventsInsertAfterHandler
22:47:11.0 (34435162)|VARIABLE_SCOPE_BEGIN|[2]|Configs.classInstance|alagukannan.Configs|true|true
22:47:11.0 (39516112)|VARIABLE_SCOPE_BEGIN|[2]|helper.classInstance|alagukannan.helper|true|true
22:47:11.0 (39531781)|HEAP_ALLOCATE|[12]|Bytes:12
22:47:11.0 (39557474)|CONSTRUCTOR_ENTRY|[12]|01p61000007124Y|<init>()
22:47:11.0 (39586954)|VARIABLE_SCOPE_BEGIN|[5]|this|alagukannan.EventsInsertAfterHandler|true|false
22:47:11.0 (39611304)|VARIABLE_ASSIGNMENT|[5]|this|{}|0x4dd304bb
22:47:11.0 (40057028)|SYSTEM_MODE_ENTER|false
22:47:11.0 (40065745)|HEAP_ALLOCATE|[3]|Bytes:5
22:47:11.0 (40073157)|STATEMENT_EXECUTE|[1]
22:47:11.0 (40077323)|HEAP_ALLOCATE|[3]|Bytes:5
22:47:11.0 (40080054)|STATEMENT_EXECUTE|[3]
22:47:11.0 (40089132)|HEAP_ALLOCATE|[3]|Bytes:132
22:47:11.0 (40095009)|HEAP_ALLOCATE|[3]|Bytes:11
22:47:11.0 (40116099)|METHOD_ENTRY|[1]|01p61000007124d|Configs.Configs()
22:47:11.0 (40120793)|STATEMENT_EXECUTE|[1]
22:47:11.0 (40126185)|STATEMENT_EXECUTE|[1]
22:47:11.0 (40131665)|HEAP_ALLOCATE|[8]|Bytes:5
22:47:11.0 (40134952)|STATEMENT_EXECUTE|[7]
22:47:11.0 (40136474)|STATEMENT_EXECUTE|[8]
22:47:11.0 (40152529)|HEAP_ALLOCATE|[8]|Bytes:20
22:47:11.0 (40161633)|CONSTRUCTOR_ENTRY|[8]|01p61000007124d|<init>()
22:47:11.0 (40192714)|VARIABLE_SCOPE_BEGIN|[11]|this|alagukannan.Configs|true|false
22:47:11.0 (40233406)|VARIABLE_ASSIGNMENT|[11]|this|{}|0x344438db
22:47:11.0 (40242573)|HEAP_ALLOCATE|[4]|Bytes:5
22:47:11.0 (40248454)|STATEMENT_EXECUTE|[1]
22:47:11.0 (40251668)|HEAP_ALLOCATE|[4]|Bytes:5
22:47:11.0 (40254200)|STATEMENT_EXECUTE|[4]
22:47:11.0 (40257442)|HEAP_ALLOCATE|[4]|Bytes:21
22:47:11.0 (40271837)|VARIABLE_ASSIGNMENT|[4]|this.RCC_LEAD_SOURCE|"Redlands Cricket Clu (1 more) ..."|0x344438db
22:47:11.0 (40275252)|STATEMENT_EXECUTE|[5]
22:47:11.0 (40281617)|HEAP_ALLOCATE|[5]|Bytes:4
22:47:11.0 (40288999)|VARIABLE_ASSIGNMENT|[5]|this.TOKEN_LENGTH|32|0x344438db
22:47:11.0 (40291878)|STATEMENT_EXECUTE|[19]
22:47:11.0 (40293692)|STATEMENT_EXECUTE|[22]
22:47:11.0 (40309332)|STATEMENT_EXECUTE|[11]
22:47:11.0 (40314862)|CONSTRUCTOR_EXIT|[8]|01p61000007124d|<init>()
22:47:11.0 (40343238)|VARIABLE_ASSIGNMENT|[8]|Configs.classInstance|{"RCC_LEAD_SOURCE":"Redlands Cricket Clu (1 more) ...","TOKEN_LENGTH":32}|0x344438db
22:47:11.0 (40361749)|METHOD_EXIT|[1]|Configs
22:47:11.0 (40390229)|METHOD_ENTRY|[3]|01p61000007124d|alagukannan.Configs.getInstance()
22:47:11.0 (40444356)|HEAP_ALLOCATE|[16]|Bytes:5
22:47:11.0 (40450642)|STATEMENT_EXECUTE|[15]
22:47:11.0 (40452596)|STATEMENT_EXECUTE|[16]
22:47:11.0 (40464123)|METHOD_EXIT|[3]|01p61000007124d|alagukannan.Configs.getInstance()
22:47:11.0 (40473410)|VARIABLE_ASSIGNMENT|[3]|this.myconfig|0x344438db|0x4dd304bb
22:47:11.0 (40476761)|STATEMENT_EXECUTE|[4]
22:47:11.0 (40485507)|HEAP_ALLOCATE|[4]|Bytes:7
22:47:11.0 (40506369)|METHOD_ENTRY|[1]|01p61000007124n|helper.helper()
22:47:11.0 (40510481)|STATEMENT_EXECUTE|[1]
22:47:11.0 (40516020)|STATEMENT_EXECUTE|[1]
22:47:11.0 (40521873)|HEAP_ALLOCATE|[5]|Bytes:5
22:47:11.0 (40524942)|STATEMENT_EXECUTE|[4]
22:47:11.0 (40526428)|STATEMENT_EXECUTE|[5]
22:47:11.0 (40539207)|HEAP_ALLOCATE|[5]|Bytes:4
22:47:11.0 (40548053)|CONSTRUCTOR_ENTRY|[5]|01p61000007124n|<init>()
22:47:11.0 (40580161)|VARIABLE_SCOPE_BEGIN|[8]|this|alagukannan.helper|true|false
22:47:11.0 (40597284)|VARIABLE_ASSIGNMENT|[8]|this|{}|0x748c4c48
22:47:11.0 (40605326)|HEAP_ALLOCATE|[4]|Bytes:5
22:47:11.0 (40611167)|STATEMENT_EXECUTE|[1]
22:47:11.0 (40614229)|HEAP_ALLOCATE|[4]|Bytes:5
22:47:11.0 (40629939)|STATEMENT_EXECUTE|[8]
22:47:11.0 (40635307)|CONSTRUCTOR_EXIT|[5]|01p61000007124n|<init>()
22:47:11.0 (40651435)|VARIABLE_ASSIGNMENT|[5]|helper.classInstance|{}|0x748c4c48
22:47:11.0 (40662840)|METHOD_EXIT|[1]|helper
22:47:11.0 (40682081)|METHOD_ENTRY|[4]|01p61000007124n|alagukannan.helper.getInstance()
22:47:11.0 (40705840)|HEAP_ALLOCATE|[13]|Bytes:5
22:47:11.0 (40711475)|STATEMENT_EXECUTE|[12]
22:47:11.0 (40713450)|STATEMENT_EXECUTE|[13]
22:47:11.0 (40722259)|METHOD_EXIT|[4]|01p61000007124n|alagukannan.helper.getInstance()
22:47:11.0 (40730799)|VARIABLE_ASSIGNMENT|[4]|this.myhelper|0x748c4c48|0x4dd304bb
22:47:11.0 (40744716)|STATEMENT_EXECUTE|[5]
22:47:11.0 (40750815)|SYSTEM_MODE_EXIT|false
22:47:11.0 (40762978)|CONSTRUCTOR_EXIT|[12]|01p61000007124Y|<init>()
22:47:11.0 (40798015)|METHOD_ENTRY|[12]|01p61000007124T|alagukannan.EventsDomainController.bind(alagukannan.EventsDomainController.Evt, alagukannan.EventsDomainController.HandlerInterface)
22:47:11.0 (40809511)|VARIABLE_SCOPE_BEGIN|[28]|this|alagukannan.EventsDomainController|true|false
22:47:11.0 (40831342)|VARIABLE_ASSIGNMENT|[28]|this|{"eventHandlerMapping":"0x3f8e36cf"}|0x50347f27
22:47:11.0 (40836515)|VARIABLE_SCOPE_BEGIN|[28]|event|alagukannan.EventsDomainController.Evt|true|false
22:47:11.0 (40851094)|VARIABLE_ASSIGNMENT|[28]|event|"afterinsert"|0x786059be
22:47:11.0 (40854845)|VARIABLE_SCOPE_BEGIN|[28]|eh|alagukannan.EventsDomainController.HandlerInterface|true|false
22:47:11.0 (40870860)|VARIABLE_ASSIGNMENT|[28]|eh|{"myconfig":"0x344438db","myhelper":"0x748c4c48"}|0x4dd304bb
22:47:11.0 (40877544)|STATEMENT_EXECUTE|[29]
22:47:11.0 (40879419)|STATEMENT_EXECUTE|[30]
22:47:11.0 (40975230)|ENTERING_MANAGED_PKG|
22:47:11.0 (41095371)|VARIABLE_SCOPE_BEGIN|[30]|handlers|List<alagukannan.EventsDomainController.HandlerInterface>|true|false
22:47:11.0 (41107692)|VARIABLE_ASSIGNMENT|[30]|handlers|null|
22:47:11.0 (41113749)|STATEMENT_EXECUTE|[32]
22:47:11.0 (41115635)|STATEMENT_EXECUTE|[33]
22:47:11.0 (41123550)|HEAP_ALLOCATE|[33]|Bytes:4
22:47:11.0 (41198590)|ENTERING_MANAGED_PKG|
22:47:11.0 (41242615)|HEAP_ALLOCATE|[EXTERNAL]|Bytes:4
22:47:11.0 (41261020)|VARIABLE_ASSIGNMENT|[33]|handlers|{"s":1,"v":[]}|0xd56f1fd
22:47:11.0 (41266697)|STATEMENT_EXECUTE|[34]
22:47:11.0 (41290992)|ENTERING_MANAGED_PKG|
22:47:11.0 (41327609)|HEAP_ALLOCATE|[EXTERNAL]|Bytes:-4
22:47:11.0 (41337566)|STATEMENT_EXECUTE|[36]
22:47:11.0 (41354924)|ENTERING_MANAGED_PKG|
22:47:11.0 (41395841)|HEAP_ALLOCATE|[EXTERNAL]|Bytes:4
22:47:11.0 (41405258)|STATEMENT_EXECUTE|[37]
22:47:11.0 (41411788)|METHOD_EXIT|[12]|01p61000007124T|alagukannan.EventsDomainController.bind(alagukannan.EventsDomainController.Evt, alagukannan.EventsDomainController.HandlerInterface)
22:47:11.0 (41417270)|STATEMENT_EXECUTE|[13]
22:47:11.0 (41433759)|METHOD_ENTRY|[13]|01p61000007124T|alagukannan.EventsDomainController.manage()
22:47:11.0 (41457032)|VARIABLE_SCOPE_BEGIN|[43]|this|alagukannan.EventsDomainController|true|false
22:47:11.0 (41478818)|VARIABLE_ASSIGNMENT|[43]|this|{"eventHandlerMapping":"0x3f8e36cf"}|0x50347f27
22:47:11.0 (41485624)|STATEMENT_EXECUTE|[44]
22:47:11.0 (41487547)|STATEMENT_EXECUTE|[45]
22:47:11.0 (41490997)|VARIABLE_SCOPE_BEGIN|[45]|ev|alagukannan.EventsDomainController.Evt|true|false
22:47:11.0 (41497266)|VARIABLE_ASSIGNMENT|[45]|ev|null|
22:47:11.0 (41527100)|STATEMENT_EXECUTE|[55]
22:47:11.0 (41529232)|STATEMENT_EXECUTE|[56]
22:47:11.0 (41540844)|VARIABLE_ASSIGNMENT|[56]|ev|"beforeupdate"|0x5fcee9de
22:47:11.0 (41544200)|STATEMENT_EXECUTE|[75]
22:47:11.0 (41567258)|ENTERING_MANAGED_PKG|
22:47:11.0 (41596137)|VARIABLE_SCOPE_BEGIN|[75]|handlers|List<alagukannan.EventsDomainController.HandlerInterface>|true|false
22:47:11.0 (41604231)|VARIABLE_ASSIGNMENT|[75]|handlers|null|
22:47:11.0 (41610550)|STATEMENT_EXECUTE|[77]
22:47:11.0 (41615840)|METHOD_EXIT|[13]|01p61000007124T|alagukannan.EventsDomainController.manage()
22:47:11.41 (41632179)|CUMULATIVE_LIMIT_USAGE
22:47:11.41 (41632179)|LIMIT_USAGE_FOR_NS|(default)|
  Number of SOQL queries: 0 out of 100
  Number of query rows: 0 out of 50000
  Number of SOSL queries: 0 out of 20
  Number of DML statements: 0 out of 150
  Number of DML rows: 0 out of 10000
  Maximum CPU time: 0 out of 10000
  Maximum heap size: 0 out of 6000000
  Number of callouts: 0 out of 100
  Number of Email Invocations: 0 out of 10
  Number of future calls: 0 out of 50
  Number of queueable jobs added to the queue: 0 out of 50
  Number of Mobile Apex push calls: 0 out of 10

22:47:11.41 (41632179)|CUMULATIVE_LIMIT_USAGE_END

22:47:11.0 (43476391)|CODE_UNIT_FINISHED|alagukannan.eventsTrigger on Event trigger event BeforeUpdate for [a0E61000002D75G]
22:47:11.0 (62917851)|CODE_UNIT_STARTED|[EXTERNAL]|01q61000000kQuX|alagukannan.eventsTrigger on Event trigger event AfterUpdate for [a0E61000002D75G]
22:47:11.0 (62948110)|HEAP_ALLOCATE|[EXTERNAL]|Bytes:8
22:47:11.0 (62985579)|HEAP_ALLOCATE|[EXTERNAL]|Bytes:8
22:47:11.0 (63047548)|HEAP_ALLOCATE|[EXTERNAL]|Bytes:8
22:47:11.0 (63054105)|VARIABLE_SCOPE_BEGIN|[1]|this|alagukannan.eventsTrigger|true|false
22:47:11.0 (63073687)|VARIABLE_ASSIGNMENT|[1]|this|{}|0x5e2458f2
22:47:11.0 (63103790)|HEAP_ALLOCATE|[EXTERNAL]|Bytes:8
22:47:11.0 (63108855)|VARIABLE_SCOPE_BEGIN|[1]|this|alagukannan.eventsTrigger|true|false
22:47:11.0 (63123504)|VARIABLE_ASSIGNMENT|[1]|this|{}|0x5e2458f2
22:47:11.0 (63129699)|STATEMENT_EXECUTE|[1]
22:47:11.0 (63132004)|STATEMENT_EXECUTE|[10]
22:47:11.0 (63136796)|HEAP_ALLOCATE|[10]|Bytes:8
22:47:11.0 (63143130)|CONSTRUCTOR_ENTRY|[10]|01p61000007124T|<init>()
22:47:11.0 (63148309)|VARIABLE_SCOPE_BEGIN|[1]|this|alagukannan.EventsDomainController|true|false
22:47:11.0 (63163167)|VARIABLE_ASSIGNMENT|[1]|this|{}|0x226f7b4f
22:47:11.0 (63176841)|STATEMENT_EXECUTE|[1]
22:47:11.0 (63179801)|STATEMENT_EXECUTE|[23]
22:47:11.0 (63184075)|HEAP_ALLOCATE|[23]|Bytes:4
22:47:11.0 (63204822)|VARIABLE_ASSIGNMENT|[23]|this.eventHandlerMapping|{"s":1,"v":{}}|0x226f7b4f
22:47:11.0 (63211509)|CONSTRUCTOR_EXIT|[10]|01p61000007124T|<init>()
22:47:11.0 (63222010)|VARIABLE_ASSIGNMENT|[10]|this.myhandler|0x226f7b4f|0x5e2458f2
22:47:11.0 (63226073)|STATEMENT_EXECUTE|[12]
22:47:11.0 (63234404)|HEAP_ALLOCATE|[12]|Bytes:12
22:47:11.0 (63245841)|CONSTRUCTOR_ENTRY|[12]|01p61000007124Y|<init>()
22:47:11.0 (63250590)|VARIABLE_SCOPE_BEGIN|[5]|this|alagukannan.EventsInsertAfterHandler|true|false
22:47:11.0 (63267739)|VARIABLE_ASSIGNMENT|[5]|this|{}|0x5335b0f0
22:47:11.0 (63764561)|SYSTEM_MODE_ENTER|false
22:47:11.0 (63772207)|HEAP_ALLOCATE|[3]|Bytes:5
22:47:11.0 (63778929)|STATEMENT_EXECUTE|[1]
22:47:11.0 (63782982)|HEAP_ALLOCATE|[3]|Bytes:5
22:47:11.0 (63785540)|STATEMENT_EXECUTE|[3]
22:47:11.0 (63793286)|METHOD_ENTRY|[3]|01p61000007124d|alagukannan.Configs.getInstance()
22:47:11.0 (63801058)|HEAP_ALLOCATE|[16]|Bytes:5
22:47:11.0 (63804694)|STATEMENT_EXECUTE|[15]
22:47:11.0 (63806414)|STATEMENT_EXECUTE|[16]
22:47:11.0 (63813594)|METHOD_EXIT|[3]|01p61000007124d|alagukannan.Configs.getInstance()
22:47:11.0 (63821979)|VARIABLE_ASSIGNMENT|[3]|this.myconfig|0x344438db|0x5335b0f0
22:47:11.0 (63825135)|STATEMENT_EXECUTE|[4]
22:47:11.0 (63829893)|METHOD_ENTRY|[4]|01p61000007124n|alagukannan.helper.getInstance()
22:47:11.0 (63836770)|HEAP_ALLOCATE|[13]|Bytes:5
22:47:11.0 (63840372)|STATEMENT_EXECUTE|[12]
22:47:11.0 (63842011)|STATEMENT_EXECUTE|[13]
22:47:11.0 (63847549)|METHOD_EXIT|[4]|01p61000007124n|alagukannan.helper.getInstance()
22:47:11.0 (63853292)|VARIABLE_ASSIGNMENT|[4]|this.myhelper|0x748c4c48|0x5335b0f0
22:47:11.0 (63866005)|STATEMENT_EXECUTE|[5]
22:47:11.0 (63871556)|SYSTEM_MODE_EXIT|false
22:47:11.0 (63883209)|CONSTRUCTOR_EXIT|[12]|01p61000007124Y|<init>()
22:47:11.0 (63892004)|METHOD_ENTRY|[12]|01p61000007124T|alagukannan.EventsDomainController.bind(alagukannan.EventsDomainController.Evt, alagukannan.EventsDomainController.HandlerInterface)
22:47:11.0 (63896935)|VARIABLE_SCOPE_BEGIN|[28]|this|alagukannan.EventsDomainController|true|false
22:47:11.0 (63918717)|VARIABLE_ASSIGNMENT|[28]|this|{"eventHandlerMapping":"0x61fcaa2a"}|0x226f7b4f
22:47:11.0 (63922440)|VARIABLE_SCOPE_BEGIN|[28]|event|alagukannan.EventsDomainController.Evt|true|false
22:47:11.0 (63931737)|VARIABLE_ASSIGNMENT|[28]|event|"afterinsert"|0x786059be
22:47:11.0 (63933952)|VARIABLE_SCOPE_BEGIN|[28]|eh|alagukannan.EventsDomainController.HandlerInterface|true|false
22:47:11.0 (63949150)|VARIABLE_ASSIGNMENT|[28]|eh|{"myconfig":"0x344438db","myhelper":"0x748c4c48"}|0x5335b0f0
22:47:11.0 (63955293)|STATEMENT_EXECUTE|[29]
22:47:11.0 (63957166)|STATEMENT_EXECUTE|[30]
22:47:11.0 (63978035)|ENTERING_MANAGED_PKG|
22:47:11.0 (63987772)|VARIABLE_SCOPE_BEGIN|[30]|handlers|List<alagukannan.EventsDomainController.HandlerInterface>|true|false
22:47:11.0 (63995270)|VARIABLE_ASSIGNMENT|[30]|handlers|null|
22:47:11.0 (63999783)|STATEMENT_EXECUTE|[32]
22:47:11.0 (64001634)|STATEMENT_EXECUTE|[33]
22:47:11.0 (64007175)|HEAP_ALLOCATE|[33]|Bytes:4
22:47:11.0 (64019328)|ENTERING_MANAGED_PKG|
22:47:11.0 (64031518)|HEAP_ALLOCATE|[EXTERNAL]|Bytes:4
22:47:11.0 (64044257)|VARIABLE_ASSIGNMENT|[33]|handlers|{"s":1,"v":[]}|0x2f2a81ac
22:47:11.0 (64049088)|STATEMENT_EXECUTE|[34]
22:47:11.0 (64066382)|ENTERING_MANAGED_PKG|
22:47:11.0 (64075227)|HEAP_ALLOCATE|[EXTERNAL]|Bytes:-4
22:47:11.0 (64082457)|STATEMENT_EXECUTE|[36]
22:47:11.0 (64092695)|ENTERING_MANAGED_PKG|
22:47:11.0 (64099040)|HEAP_ALLOCATE|[EXTERNAL]|Bytes:4
22:47:11.0 (64104892)|STATEMENT_EXECUTE|[37]
22:47:11.0 (64111217)|METHOD_EXIT|[12]|01p61000007124T|alagukannan.EventsDomainController.bind(alagukannan.EventsDomainController.Evt, alagukannan.EventsDomainController.HandlerInterface)
22:47:11.0 (64115460)|STATEMENT_EXECUTE|[13]
22:47:11.0 (64124617)|METHOD_ENTRY|[13]|01p61000007124T|alagukannan.EventsDomainController.manage()
22:47:11.0 (64129129)|VARIABLE_SCOPE_BEGIN|[43]|this|alagukannan.EventsDomainController|true|false
22:47:11.0 (64149058)|VARIABLE_ASSIGNMENT|[43]|this|{"eventHandlerMapping":"0x61fcaa2a"}|0x226f7b4f
22:47:11.0 (64154800)|STATEMENT_EXECUTE|[44]
22:47:11.0 (64156625)|STATEMENT_EXECUTE|[45]
22:47:11.0 (64159805)|VARIABLE_SCOPE_BEGIN|[45]|ev|alagukannan.EventsDomainController.Evt|true|false
22:47:11.0 (64165580)|VARIABLE_ASSIGNMENT|[45]|ev|null|
22:47:11.0 (64186604)|STATEMENT_EXECUTE|[59]
22:47:11.0 (64188715)|STATEMENT_EXECUTE|[60]
22:47:11.0 (64200491)|VARIABLE_ASSIGNMENT|[60]|ev|"afterupdate"|0x76c63205
22:47:11.0 (64203999)|STATEMENT_EXECUTE|[75]
22:47:11.0 (64222450)|ENTERING_MANAGED_PKG|
22:47:11.0 (64231222)|VARIABLE_SCOPE_BEGIN|[75]|handlers|List<alagukannan.EventsDomainController.HandlerInterface>|true|false
22:47:11.0 (64238134)|VARIABLE_ASSIGNMENT|[75]|handlers|null|
22:47:11.0 (64243491)|STATEMENT_EXECUTE|[77]
22:47:11.0 (64248603)|METHOD_EXIT|[13]|01p61000007124T|alagukannan.EventsDomainController.manage()
22:47:11.64 (64258825)|CUMULATIVE_LIMIT_USAGE
22:47:11.64 (64258825)|LIMIT_USAGE_FOR_NS|(default)|
  Number of SOQL queries: 0 out of 100
  Number of query rows: 0 out of 50000
  Number of SOSL queries: 0 out of 20
  Number of DML statements: 0 out of 150
  Number of DML rows: 0 out of 10000
  Maximum CPU time: 0 out of 10000
  Maximum heap size: 0 out of 6000000
  Number of callouts: 0 out of 100
  Number of Email Invocations: 0 out of 10
  Number of future calls: 0 out of 50
  Number of queueable jobs added to the queue: 0 out of 50
  Number of Mobile Apex push calls: 0 out of 10

22:47:11.64 (64258825)|CUMULATIVE_LIMIT_USAGE_END

22:47:11.0 (66042206)|CODE_UNIT_FINISHED|alagukannan.eventsTrigger on Event trigger event AfterUpdate for [a0E61000002D75G]
22:47:11.0 (66993703)|CODE_UNIT_STARTED|[EXTERNAL]|Workflow:01I61000000w8rk
22:47:11.0 (76657888)|WF_RULE_EVAL_BEGIN|Workflow
22:47:11.0 (76689918)|WF_CRITERIA_BEGIN|[Cricket Event: RCC-00004 a0E61000002D75G]|alagukannan_Cancelling_the_cricket_game3016100000099tK|01Q61000000PtzO|ON_ALL_CHANGES|0
22:47:11.0 (76813271)|WF_FORMULA|Formula:ENCODED:[treatNullAsNull]true|Values:
22:47:11.0 (76821500)|WF_CRITERIA_END|true
22:47:11.0 (77302942)|WF_SPOOL_ACTION_BEGIN|Workflow
22:47:11.0 (77332893)|WF_ACTION| Flow Trigger: 1;
22:47:11.0 (77335597)|WF_RULE_EVAL_END
22:47:11.0 (77748697)|WF_FLOW_ACTION_BEGIN|09L610000008iqg
22:47:11.77 (77812548)|FLOW_CREATE_INTERVIEW_BEGIN|00D61000000eD77|300610000008dGQ|3016100000099tK
22:47:11.77 (79208537)|FLOW_CREATE_INTERVIEW_END|8089501799120d2fb10216a0f6d615397982547-2311|Cancelling the cricket game
22:47:11.79 (79536012)|FLOW_START_INTERVIEWS_BEGIN|1
22:47:11.79 (80051418)|FLOW_START_INTERVIEW_BEGIN|8089501799120d2fb10216a0f6d615397982547-2311|Cancelling the cricket game
22:47:11.79 (80606152)|FLOW_START_INTERVIEW_END|8089501799120d2fb10216a0f6d615397982547-2311|Cancelling the cricket game
22:47:11.132 (132631769)|CODE_UNIT_STARTED|[EXTERNAL]|01q61000000kQuh|alagukannan.ParticipantTrigger on Participant trigger event BeforeUpdate for [a0F610000038RVG, a0F610000038RVH, a0F610000038RVI]
22:47:11.132 (132682530)|HEAP_ALLOCATE|[EXTERNAL]|Bytes:16
22:47:11.132 (132716092)|HEAP_ALLOCATE|[EXTERNAL]|Bytes:16
22:47:11.132 (136470723)|HEAP_ALLOCATE|[EXTERNAL]|Bytes:8
22:47:11.132 (136490132)|VARIABLE_SCOPE_BEGIN|[1]|this|alagukannan.ParticipantTrigger|true|false
22:47:11.132 (136560463)|VARIABLE_ASSIGNMENT|[1]|this|{}|0xafdd634
22:47:11.132 (136618859)|HEAP_ALLOCATE|[EXTERNAL]|Bytes:8
22:47:11.132 (136628767)|VARIABLE_SCOPE_BEGIN|[1]|this|alagukannan.ParticipantTrigger|true|false
22:47:11.132 (136645350)|VARIABLE_ASSIGNMENT|[1]|this|{}|0xafdd634
22:47:11.132 (136655358)|STATEMENT_EXECUTE|[1]
22:47:11.132 (136658808)|STATEMENT_EXECUTE|[10]
22:47:11.132 (136665363)|HEAP_ALLOCATE|[10]|Bytes:20
22:47:11.132 (136671704)|HEAP_ALLOCATE|[10]|Bytes:5
22:47:11.132 (136700873)|METHOD_ENTRY|[1]|01p61000007124s|ParticipantTriggerController.ParticipantTriggerController()
22:47:11.132 (136707311)|STATEMENT_EXECUTE|[1]
22:47:11.132 (136713315)|STATEMENT_EXECUTE|[1]
22:47:11.132 (136721001)|METHOD_EXIT|[1]|ParticipantTriggerController
22:47:11.132 (136900799)|HEAP_ALLOCATE|[10]|Bytes:8
22:47:11.132 (136918326)|CONSTRUCTOR_ENTRY|[10]|01p61000007124s|<init>()
22:47:11.132 (136956879)|VARIABLE_SCOPE_BEGIN|[1]|this|alagukannan.ParticipantTriggerController|true|false
22:47:11.132 (136979633)|VARIABLE_ASSIGNMENT|[1]|this|{}|0x2160402f
22:47:11.132 (136998915)|STATEMENT_EXECUTE|[1]
22:47:11.132 (137001666)|STATEMENT_EXECUTE|[23]
22:47:11.132 (137007947)|HEAP_ALLOCATE|[23]|Bytes:4
22:47:11.132 (137090944)|VARIABLE_ASSIGNMENT|[23]|this.eventHandlerMapping|{"s":1,"v":{}}|0x2160402f
22:47:11.132 (137099502)|CONSTRUCTOR_EXIT|[10]|01p61000007124s|<init>()
22:47:11.132 (137114258)|VARIABLE_ASSIGNMENT|[10]|this.myhandler|0x2160402f|0xafdd634
22:47:11.132 (137118732)|STATEMENT_EXECUTE|[12]
22:47:11.132 (137406659)|HEAP_ALLOCATE|[12]|Bytes:12
22:47:11.132 (137468043)|HEAP_ALLOCATE|[12]|Bytes:12
22:47:11.132 (137482304)|HEAP_ALLOCATE|[12]|Bytes:12
22:47:11.132 (137492818)|HEAP_ALLOCATE|[12]|Bytes:12
22:47:11.132 (137507280)|HEAP_ALLOCATE|[12]|Bytes:12
22:47:11.132 (137517427)|HEAP_ALLOCATE|[12]|Bytes:12
22:47:11.132 (137527062)|HEAP_ALLOCATE|[12]|Bytes:12
22:47:11.132 (140827259)|HEAP_ALLOCATE|[12]|Bytes:6
22:47:11.132 (140854262)|METHOD_ENTRY|[1]|01p61000007124x|participantInsertBefore.participantInsertBefore()
22:47:11.132 (140859611)|STATEMENT_EXECUTE|[1]
22:47:11.132 (140866622)|STATEMENT_EXECUTE|[1]
22:47:11.132 (141296711)|SYSTEM_MODE_ENTER|false
22:47:11.132 (141306669)|HEAP_ALLOCATE|[12]|Bytes:5
22:47:11.132 (141314132)|SYSTEM_MODE_EXIT|false
22:47:11.132 (141324314)|METHOD_EXIT|[1]|participantInsertBefore
22:47:11.132 (141341191)|HEAP_ALLOCATE|[12]|Bytes:12
22:47:11.132 (141365583)|CONSTRUCTOR_ENTRY|[12]|01p61000007124x|<init>()
22:47:11.132 (141395980)|VARIABLE_SCOPE_BEGIN|[6]|this|alagukannan.participantInsertBefore|true|false
22:47:11.132 (141420396)|VARIABLE_ASSIGNMENT|[6]|this|{}|0x74975723
22:47:11.132 (141430637)|SYSTEM_MODE_ENTER|false
22:47:11.132 (141436274)|HEAP_ALLOCATE|[3]|Bytes:5
22:47:11.132 (141442154)|STATEMENT_EXECUTE|[1]
22:47:11.132 (141445589)|HEAP_ALLOCATE|[3]|Bytes:5
22:47:11.132 (141448155)|STATEMENT_EXECUTE|[3]
22:47:11.132 (141459817)|METHOD_ENTRY|[3]|01p61000007124d|alagukannan.Configs.getInstance()
22:47:11.132 (141506421)|HEAP_ALLOCATE|[16]|Bytes:5
22:47:11.132 (141512739)|STATEMENT_EXECUTE|[15]
22:47:11.132 (141514747)|STATEMENT_EXECUTE|[16]
22:47:11.132 (141524459)|METHOD_EXIT|[3]|01p61000007124d|alagukannan.Configs.getInstance()
22:47:11.132 (141534208)|VARIABLE_ASSIGNMENT|[3]|this.myconfig|0x344438db|0x74975723
22:47:11.132 (141537488)|STATEMENT_EXECUTE|[4]
22:47:11.132 (141544264)|METHOD_ENTRY|[4]|01p61000007124n|alagukannan.helper.getInstance()
22:47:11.132 (141562738)|HEAP_ALLOCATE|[13]|Bytes:5
22:47:11.132 (141567611)|STATEMENT_EXECUTE|[12]
22:47:11.132 (141569403)|STATEMENT_EXECUTE|[13]
22:47:11.132 (141576843)|METHOD_EXIT|[4]|01p61000007124n|alagukannan.helper.getInstance()
22:47:11.132 (141584403)|VARIABLE_ASSIGNMENT|[4]|this.myhelper|0x748c4c48|0x74975723
22:47:11.132 (141599228)|STATEMENT_EXECUTE|[6]
22:47:11.132 (141605422)|SYSTEM_MODE_EXIT|false
22:47:11.132 (141617089)|CONSTRUCTOR_EXIT|[12]|01p61000007124x|<init>()
22:47:11.132 (141650090)|METHOD_ENTRY|[12]|01p61000007124s|alagukannan.ParticipantTriggerController.bind(alagukannan.ParticipantTriggerController.Evt, alagukannan.ParticipantTriggerController.HandlerInterface)
22:47:11.132 (141660340)|VARIABLE_SCOPE_BEGIN|[28]|this|alagukannan.ParticipantTriggerController|true|false
22:47:11.132 (141684071)|VARIABLE_ASSIGNMENT|[28]|this|{"eventHandlerMapping":"0x34d96364"}|0x2160402f
22:47:11.132 (141689382)|VARIABLE_SCOPE_BEGIN|[28]|event|alagukannan.ParticipantTriggerController.Evt|true|false
22:47:11.132 (141703884)|VARIABLE_ASSIGNMENT|[28]|event|"beforeinsert"|0x610dc0c3
22:47:11.132 (141707904)|VARIABLE_SCOPE_BEGIN|[28]|eh|alagukannan.ParticipantTriggerController.HandlerInterface|true|false
22:47:11.132 (141724053)|VARIABLE_ASSIGNMENT|[28]|eh|{"myconfig":"0x344438db","myhelper":"0x748c4c48"}|0x74975723
22:47:11.132 (141730785)|STATEMENT_EXECUTE|[29]
22:47:11.132 (141732892)|STATEMENT_EXECUTE|[30]
22:47:11.132 (141769325)|ENTERING_MANAGED_PKG|
22:47:11.132 (141828510)|VARIABLE_SCOPE_BEGIN|[30]|handlers|List<alagukannan.ParticipantTriggerController.HandlerInterface>|true|false
22:47:11.132 (141838606)|VARIABLE_ASSIGNMENT|[30]|handlers|null|
22:47:11.132 (141843884)|STATEMENT_EXECUTE|[32]
22:47:11.132 (141845711)|STATEMENT_EXECUTE|[33]
22:47:11.132 (141852419)|HEAP_ALLOCATE|[33]|Bytes:4
22:47:11.132 (141904084)|ENTERING_MANAGED_PKG|
22:47:11.132 (141940065)|HEAP_ALLOCATE|[EXTERNAL]|Bytes:4
22:47:11.132 (141958039)|VARIABLE_ASSIGNMENT|[33]|handlers|{"s":1,"v":[]}|0xb92ba15
22:47:11.132 (141963590)|STATEMENT_EXECUTE|[34]
22:47:11.132 (141987411)|ENTERING_MANAGED_PKG|
22:47:11.132 (142021663)|HEAP_ALLOCATE|[EXTERNAL]|Bytes:-4
22:47:11.132 (142032957)|STATEMENT_EXECUTE|[36]
22:47:11.132 (142049899)|ENTERING_MANAGED_PKG|
22:47:11.132 (142078587)|HEAP_ALLOCATE|[EXTERNAL]|Bytes:4
22:47:11.132 (142087555)|STATEMENT_EXECUTE|[37]
22:47:11.132 (142093939)|METHOD_EXIT|[12]|01p61000007124s|alagukannan.ParticipantTriggerController.bind(alagukannan.ParticipantTriggerController.Evt, alagukannan.ParticipantTriggerController.HandlerInterface)
22:47:11.132 (142099312)|STATEMENT_EXECUTE|[13]
22:47:11.132 (142115250)|METHOD_ENTRY|[13]|01p61000007124s|alagukannan.ParticipantTriggerController.manage()
22:47:11.132 (142138875)|VARIABLE_SCOPE_BEGIN|[43]|this|alagukannan.ParticipantTriggerController|true|false
22:47:11.132 (142160607)|VARIABLE_ASSIGNMENT|[43]|this|{"eventHandlerMapping":"0x34d96364"}|0x2160402f
22:47:11.132 (142167455)|STATEMENT_EXECUTE|[44]
22:47:11.132 (142169402)|STATEMENT_EXECUTE|[45]
22:47:11.132 (142172822)|VARIABLE_SCOPE_BEGIN|[45]|ev|alagukannan.ParticipantTriggerController.Evt|true|false
22:47:11.132 (142178993)|VARIABLE_ASSIGNMENT|[45]|ev|null|
22:47:11.132 (142196411)|STATEMENT_EXECUTE|[55]
22:47:11.132 (142198522)|STATEMENT_EXECUTE|[56]
22:47:11.132 (142210409)|VARIABLE_ASSIGNMENT|[56]|ev|"beforeupdate"|0x1aba8af4
22:47:11.132 (142214007)|STATEMENT_EXECUTE|[75]
22:47:11.132 (142236696)|ENTERING_MANAGED_PKG|
22:47:11.132 (142265581)|VARIABLE_SCOPE_BEGIN|[75]|handlers|List<alagukannan.ParticipantTriggerController.HandlerInterface>|true|false
22:47:11.132 (142273942)|VARIABLE_ASSIGNMENT|[75]|handlers|null|
22:47:11.132 (142279832)|STATEMENT_EXECUTE|[77]
22:47:11.132 (142285160)|METHOD_EXIT|[13]|01p61000007124s|alagukannan.ParticipantTriggerController.manage()
22:47:11.142 (142299606)|CUMULATIVE_LIMIT_USAGE
22:47:11.142 (142299606)|LIMIT_USAGE_FOR_NS|(default)|
  Number of SOQL queries: 0 out of 100
  Number of query rows: 0 out of 50000
  Number of SOSL queries: 0 out of 20
  Number of DML statements: 0 out of 150
  Number of DML rows: 0 out of 10000
  Maximum CPU time: 0 out of 10000
  Maximum heap size: 0 out of 6000000
  Number of callouts: 0 out of 100
  Number of Email Invocations: 0 out of 10
  Number of future calls: 0 out of 50
  Number of queueable jobs added to the queue: 0 out of 50
  Number of Mobile Apex push calls: 0 out of 10

22:47:11.142 (142299606)|LIMIT_USAGE_FOR_NS|alagukannan|
  Number of SOQL queries: 1 out of 100
  Number of query rows: 3 out of 50000
  Number of SOSL queries: 0 out of 20
  Number of DML statements: 1 out of 150
  Number of DML rows: 3 out of 10000
  Maximum CPU time: 0 out of 10000
  Maximum heap size: 0 out of 6000000
  Number of callouts: 0 out of 100
  Number of Email Invocations: 0 out of 10
  Number of future calls: 0 out of 50
  Number of queueable jobs added to the queue: 0 out of 50
  Number of Mobile Apex push calls: 0 out of 10

22:47:11.142 (142299606)|CUMULATIVE_LIMIT_USAGE_END

22:47:11.132 (143633813)|CODE_UNIT_FINISHED|alagukannan.ParticipantTrigger on Participant trigger event BeforeUpdate for [a0F610000038RVG, a0F610000038RVH, a0F610000038RVI]
22:47:11.147 (147329111)|VALIDATION_RULE|03d61000000RiIY|Cannot_change_expired_events_answers
22:47:11.147 (147497678)|VALIDATION_FORMULA|ISPICKVAL(alagukannan__Event__r.alagukannan__Status__c,'Expired')|alagukannan__Event__r.alagukannan__Status__c=Cancelled
22:47:11.147 (147505192)|VALIDATION_PASS
22:47:11.147 (147507884)|VALIDATION_RULE|03d61000000RiIT|Guest_Range_0_to_100
22:47:11.147 (147618376)|VALIDATION_FORMULA|OR(
alagukannan__Guests__c < 0,
alagukannan__Guests__c > 100
)|alagukannan__Guests__c=null
22:47:11.147 (147624039)|VALIDATION_PASS
22:47:11.147 (147688356)|VALIDATION_RULE|03d61000000RiIY|Cannot_change_expired_events_answers
22:47:11.147 (147844924)|VALIDATION_FORMULA|ISPICKVAL(alagukannan__Event__r.alagukannan__Status__c,'Expired')|alagukannan__Event__r.alagukannan__Status__c=Cancelled
22:47:11.147 (147851503)|VALIDATION_PASS
22:47:11.147 (147853728)|VALIDATION_RULE|03d61000000RiIT|Guest_Range_0_to_100
22:47:11.147 (147961861)|VALIDATION_FORMULA|OR(
alagukannan__Guests__c < 0,
alagukannan__Guests__c > 100
)|alagukannan__Guests__c=null
22:47:11.147 (147967522)|VALIDATION_PASS
22:47:11.148 (148029731)|VALIDATION_RULE|03d61000000RiIY|Cannot_change_expired_events_answers
22:47:11.148 (148183307)|VALIDATION_FORMULA|ISPICKVAL(alagukannan__Event__r.alagukannan__Status__c,'Expired')|alagukannan__Event__r.alagukannan__Status__c=Cancelled
22:47:11.148 (148189733)|VALIDATION_PASS
22:47:11.148 (148191885)|VALIDATION_RULE|03d61000000RiIT|Guest_Range_0_to_100
22:47:11.148 (148300561)|VALIDATION_FORMULA|OR(
alagukannan__Guests__c < 0,
alagukannan__Guests__c > 100
)|alagukannan__Guests__c=0
22:47:11.148 (148305842)|VALIDATION_PASS
22:47:11.206 (206852091)|CODE_UNIT_STARTED|[EXTERNAL]|01q61000000kQuh|alagukannan.ParticipantTrigger on Participant trigger event AfterUpdate for [a0F610000038RVG, a0F610000038RVH, a0F610000038RVI]
22:47:11.206 (206904484)|HEAP_ALLOCATE|[EXTERNAL]|Bytes:16
22:47:11.206 (206958009)|HEAP_ALLOCATE|[EXTERNAL]|Bytes:16
22:47:11.206 (207073120)|HEAP_ALLOCATE|[EXTERNAL]|Bytes:8
22:47:11.206 (207088011)|VARIABLE_SCOPE_BEGIN|[1]|this|alagukannan.ParticipantTrigger|true|false
22:47:11.206 (207157266)|VARIABLE_ASSIGNMENT|[1]|this|{}|0x1a5879d4
22:47:11.206 (207206603)|HEAP_ALLOCATE|[EXTERNAL]|Bytes:8
22:47:11.206 (207214237)|VARIABLE_SCOPE_BEGIN|[1]|this|alagukannan.ParticipantTrigger|true|false
22:47:11.206 (207230683)|VARIABLE_ASSIGNMENT|[1]|this|{}|0x1a5879d4
22:47:11.206 (207243457)|STATEMENT_EXECUTE|[1]
22:47:11.206 (207247226)|STATEMENT_EXECUTE|[10]
22:47:11.206 (207255106)|HEAP_ALLOCATE|[10]|Bytes:8
22:47:11.206 (207272001)|CONSTRUCTOR_ENTRY|[10]|01p61000007124s|<init>()
22:47:11.206 (207280147)|VARIABLE_SCOPE_BEGIN|[1]|this|alagukannan.ParticipantTriggerController|true|false
22:47:11.206 (207298327)|VARIABLE_ASSIGNMENT|[1]|this|{}|0x4b4c2c89
22:47:11.206 (207322249)|STATEMENT_EXECUTE|[1]
22:47:11.206 (207324512)|STATEMENT_EXECUTE|[23]
22:47:11.206 (207331441)|HEAP_ALLOCATE|[23]|Bytes:4
22:47:11.206 (207386376)|VARIABLE_ASSIGNMENT|[23]|this.eventHandlerMapping|{"s":1,"v":{}}|0x4b4c2c89
22:47:11.206 (207395406)|CONSTRUCTOR_EXIT|[10]|01p61000007124s|<init>()
22:47:11.206 (207417036)|VARIABLE_ASSIGNMENT|[10]|this.myhandler|0x4b4c2c89|0x1a5879d4
22:47:11.206 (207421371)|STATEMENT_EXECUTE|[12]
22:47:11.206 (207434014)|HEAP_ALLOCATE|[12]|Bytes:12
22:47:11.206 (207453726)|CONSTRUCTOR_ENTRY|[12]|01p61000007124x|<init>()
22:47:11.206 (207459853)|VARIABLE_SCOPE_BEGIN|[6]|this|alagukannan.participantInsertBefore|true|false
22:47:11.206 (207480354)|VARIABLE_ASSIGNMENT|[6]|this|{}|0x1487dbbf
22:47:11.206 (208096153)|SYSTEM_MODE_ENTER|false
22:47:11.206 (208110633)|HEAP_ALLOCATE|[3]|Bytes:5
22:47:11.206 (208117750)|STATEMENT_EXECUTE|[1]
22:47:11.206 (208121929)|HEAP_ALLOCATE|[3]|Bytes:5
22:47:11.206 (208124495)|STATEMENT_EXECUTE|[3]
22:47:11.206 (208136425)|METHOD_ENTRY|[3]|01p61000007124d|alagukannan.Configs.getInstance()
22:47:11.206 (208147310)|HEAP_ALLOCATE|[16]|Bytes:5
22:47:11.206 (208151499)|STATEMENT_EXECUTE|[15]
22:47:11.206 (208153256)|STATEMENT_EXECUTE|[16]
22:47:11.206 (208166369)|METHOD_EXIT|[3]|01p61000007124d|alagukannan.Configs.getInstance()
22:47:11.206 (208175558)|VARIABLE_ASSIGNMENT|[3]|this.myconfig|0x344438db|0x1487dbbf
22:47:11.206 (208178868)|STATEMENT_EXECUTE|[4]
22:47:11.206 (208185433)|METHOD_ENTRY|[4]|01p61000007124n|alagukannan.helper.getInstance()
22:47:11.206 (208193588)|HEAP_ALLOCATE|[13]|Bytes:5
22:47:11.206 (208197457)|STATEMENT_EXECUTE|[12]
22:47:11.206 (208199073)|STATEMENT_EXECUTE|[13]
22:47:11.206 (208208719)|METHOD_EXIT|[4]|01p61000007124n|alagukannan.helper.getInstance()
22:47:11.206 (208216180)|VARIABLE_ASSIGNMENT|[4]|this.myhelper|0x748c4c48|0x1487dbbf
22:47:11.206 (208231632)|STATEMENT_EXECUTE|[6]
22:47:11.206 (208237940)|SYSTEM_MODE_EXIT|false
22:47:11.206 (208251427)|CONSTRUCTOR_EXIT|[12]|01p61000007124x|<init>()
22:47:11.206 (208265314)|METHOD_ENTRY|[12]|01p61000007124s|alagukannan.ParticipantTriggerController.bind(alagukannan.ParticipantTriggerController.Evt, alagukannan.ParticipantTriggerController.HandlerInterface)
22:47:11.206 (208271229)|VARIABLE_SCOPE_BEGIN|[28]|this|alagukannan.ParticipantTriggerController|true|false
22:47:11.206 (208294805)|VARIABLE_ASSIGNMENT|[28]|this|{"eventHandlerMapping":"0x5e6161bc"}|0x4b4c2c89
22:47:11.206 (208299042)|VARIABLE_SCOPE_BEGIN|[28]|event|alagukannan.ParticipantTriggerController.Evt|true|false
22:47:11.206 (208317692)|VARIABLE_ASSIGNMENT|[28]|event|"beforeinsert"|0x610dc0c3
22:47:11.206 (208320296)|VARIABLE_SCOPE_BEGIN|[28]|eh|alagukannan.ParticipantTriggerController.HandlerInterface|true|false
22:47:11.206 (208336103)|VARIABLE_ASSIGNMENT|[28]|eh|{"myconfig":"0x344438db","myhelper":"0x748c4c48"}|0x1487dbbf
22:47:11.206 (208343045)|STATEMENT_EXECUTE|[29]
22:47:11.206 (208344976)|STATEMENT_EXECUTE|[30]
22:47:11.206 (208379407)|ENTERING_MANAGED_PKG|
22:47:11.206 (208395574)|VARIABLE_SCOPE_BEGIN|[30]|handlers|List<alagukannan.ParticipantTriggerController.HandlerInterface>|true|false
22:47:11.206 (208405054)|VARIABLE_ASSIGNMENT|[30]|handlers|null|
22:47:11.206 (208410815)|STATEMENT_EXECUTE|[32]
22:47:11.206 (208412581)|STATEMENT_EXECUTE|[33]
22:47:11.206 (208420552)|HEAP_ALLOCATE|[33]|Bytes:4
22:47:11.206 (208434304)|ENTERING_MANAGED_PKG|
22:47:11.206 (208453152)|HEAP_ALLOCATE|[EXTERNAL]|Bytes:4
22:47:11.206 (208470051)|VARIABLE_ASSIGNMENT|[33]|handlers|{"s":1,"v":[]}|0x4d489622
22:47:11.206 (208475277)|STATEMENT_EXECUTE|[34]
22:47:11.206 (208494051)|ENTERING_MANAGED_PKG|
22:47:11.206 (208508752)|HEAP_ALLOCATE|[EXTERNAL]|Bytes:-4
22:47:11.206 (208516587)|STATEMENT_EXECUTE|[36]
22:47:11.206 (208527309)|ENTERING_MANAGED_PKG|
22:47:11.206 (208536029)|HEAP_ALLOCATE|[EXTERNAL]|Bytes:4
22:47:11.206 (208542448)|STATEMENT_EXECUTE|[37]
22:47:11.206 (208548918)|METHOD_EXIT|[12]|01p61000007124s|alagukannan.ParticipantTriggerController.bind(alagukannan.ParticipantTriggerController.Evt, alagukannan.ParticipantTriggerController.HandlerInterface)
22:47:11.206 (208554108)|STATEMENT_EXECUTE|[13]
22:47:11.206 (208565098)|METHOD_ENTRY|[13]|01p61000007124s|alagukannan.ParticipantTriggerController.manage()
22:47:11.206 (208570588)|VARIABLE_SCOPE_BEGIN|[43]|this|alagukannan.ParticipantTriggerController|true|false
22:47:11.206 (208590872)|VARIABLE_ASSIGNMENT|[43]|this|{"eventHandlerMapping":"0x5e6161bc"}|0x4b4c2c89
22:47:11.206 (208597962)|STATEMENT_EXECUTE|[44]
22:47:11.206 (208599813)|STATEMENT_EXECUTE|[45]
22:47:11.206 (208603794)|VARIABLE_SCOPE_BEGIN|[45]|ev|alagukannan.ParticipantTriggerController.Evt|true|false
22:47:11.206 (208610065)|VARIABLE_ASSIGNMENT|[45]|ev|null|
22:47:11.206 (208645071)|STATEMENT_EXECUTE|[59]
22:47:11.206 (208647261)|STATEMENT_EXECUTE|[60]
22:47:11.206 (208660399)|VARIABLE_ASSIGNMENT|[60]|ev|"afterupdate"|0x67cad366
22:47:11.206 (208664243)|STATEMENT_EXECUTE|[75]
22:47:11.206 (208683668)|ENTERING_MANAGED_PKG|
22:47:11.206 (208692584)|VARIABLE_SCOPE_BEGIN|[75]|handlers|List<alagukannan.ParticipantTriggerController.HandlerInterface>|true|false
22:47:11.206 (208699804)|VARIABLE_ASSIGNMENT|[75]|handlers|null|
22:47:11.206 (208706616)|STATEMENT_EXECUTE|[77]
22:47:11.206 (208711858)|METHOD_EXIT|[13]|01p61000007124s|alagukannan.ParticipantTriggerController.manage()
22:47:11.208 (208725611)|CUMULATIVE_LIMIT_USAGE
22:47:11.208 (208725611)|LIMIT_USAGE_FOR_NS|(default)|
  Number of SOQL queries: 0 out of 100
  Number of query rows: 0 out of 50000
  Number of SOSL queries: 0 out of 20
  Number of DML statements: 0 out of 150
  Number of DML rows: 0 out of 10000
  Maximum CPU time: 0 out of 10000
  Maximum heap size: 0 out of 6000000
  Number of callouts: 0 out of 100
  Number of Email Invocations: 0 out of 10
  Number of future calls: 0 out of 50
  Number of queueable jobs added to the queue: 0 out of 50
  Number of Mobile Apex push calls: 0 out of 10

22:47:11.208 (208725611)|LIMIT_USAGE_FOR_NS|alagukannan|
  Number of SOQL queries: 1 out of 100
  Number of query rows: 3 out of 50000
  Number of SOSL queries: 0 out of 20
  Number of DML statements: 1 out of 150
  Number of DML rows: 3 out of 10000
  Maximum CPU time: 0 out of 10000
  Maximum heap size: 0 out of 6000000
  Number of callouts: 0 out of 100
  Number of Email Invocations: 0 out of 10
  Number of future calls: 0 out of 50
  Number of queueable jobs added to the queue: 0 out of 50
  Number of Mobile Apex push calls: 0 out of 10

22:47:11.208 (208725611)|CUMULATIVE_LIMIT_USAGE_END

22:47:11.206 (210237621)|CODE_UNIT_FINISHED|alagukannan.ParticipantTrigger on Participant trigger event AfterUpdate for [a0F610000038RVG, a0F610000038RVH, a0F610000038RVI]
22:47:11.79 (227303563)|FLOW_START_INTERVIEWS_END|1
22:47:11.0 (228612883)|WF_FLOW_ACTION_END|09L610000008iqg
22:47:11.0 (228699921)|WF_ACTIONS_END| Flow Trigger: 1;
22:47:11.0 (228706878)|CODE_UNIT_FINISHED|Workflow:01I61000000w8rk
22:47:11.0 (256589802)|CODE_UNIT_FINISHED|TRIGGERS
22:47:11.0 (256608755)|EXECUTION_FINISHED
